<?xml version="1.0" encoding="UTF-8"?>
<testsuite xmlns:xsi="http://www.w3.org/2001/XMLSchema-instance" xsi:noNamespaceSchemaLocation="https://maven.apache.org/surefire/maven-surefire-plugin/xsd/surefire-test-report.xsd" name="org.vantagefit.testCases.LocalizationTests" time="99.321" tests="121" errors="0" skipped="120" failures="1">
  <properties>
    <property name="java.specification.version" value="16"/>
    <property name="sun.jnu.encoding" value="UTF-8"/>
    <property name="java.class.path" value="/Users/jonaksindhudas/Downloads/VANTAGEFITAPPAUTOMATION/VantageFitAppAutomation/VANTAGEFITAUTOMATION/target/test-classes:/Users/jonaksindhudas/Downloads/VANTAGEFITAPPAUTOMATION/VantageFitAppAutomation/VANTAGEFITAUTOMATION/target/classes:/Users/jonaksindhudas/.m2/repository/io/appium/java-client/8.5.1/java-client-8.5.1.jar:/Users/jonaksindhudas/.m2/repository/org/seleniumhq/selenium/selenium-api/4.32.0/selenium-api-4.32.0.jar:/Users/jonaksindhudas/.m2/repository/org/jspecify/jspecify/1.0.0/jspecify-1.0.0.jar:/Users/jonaksindhudas/.m2/repository/org/seleniumhq/selenium/selenium-remote-driver/4.32.0/selenium-remote-driver-4.32.0.jar:/Users/jonaksindhudas/.m2/repository/com/google/auto/service/auto-service-annotations/1.1.1/auto-service-annotations-1.1.1.jar:/Users/jonaksindhudas/.m2/repository/io/opentelemetry/opentelemetry-api/1.49.0/opentelemetry-api-1.49.0.jar:/Users/jonaksindhudas/.m2/repository/io/opentelemetry/opentelemetry-context/1.49.0/opentelemetry-context-1.49.0.jar:/Users/jonaksindhudas/.m2/repository/io/opentelemetry/opentelemetry-exporter-logging/1.49.0/opentelemetry-exporter-logging-1.49.0.jar:/Users/jonaksindhudas/.m2/repository/io/opentelemetry/opentelemetry-sdk-common/1.49.0/opentelemetry-sdk-common-1.49.0.jar:/Users/jonaksindhudas/.m2/repository/io/opentelemetry/opentelemetry-sdk-extension-autoconfigure-spi/1.49.0/opentelemetry-sdk-extension-autoconfigure-spi-1.49.0.jar:/Users/jonaksindhudas/.m2/repository/io/opentelemetry/opentelemetry-sdk-extension-autoconfigure/1.49.0/opentelemetry-sdk-extension-autoconfigure-1.49.0.jar:/Users/jonaksindhudas/.m2/repository/io/opentelemetry/opentelemetry-sdk-trace/1.49.0/opentelemetry-sdk-trace-1.49.0.jar:/Users/jonaksindhudas/.m2/repository/io/opentelemetry/opentelemetry-sdk/1.49.0/opentelemetry-sdk-1.49.0.jar:/Users/jonaksindhudas/.m2/repository/io/opentelemetry/opentelemetry-sdk-metrics/1.49.0/opentelemetry-sdk-metrics-1.49.0.jar:/Users/jonaksindhudas/.m2/repository/io/opentelemetry/opentelemetry-sdk-logs/1.49.0/opentelemetry-sdk-logs-1.49.0.jar:/Users/jonaksindhudas/.m2/repository/net/bytebuddy/byte-buddy/1.17.5/byte-buddy-1.17.5.jar:/Users/jonaksindhudas/.m2/repository/org/seleniumhq/selenium/selenium-http/4.32.0/selenium-http-4.32.0.jar:/Users/jonaksindhudas/.m2/repository/org/seleniumhq/selenium/selenium-json/4.32.0/selenium-json-4.32.0.jar:/Users/jonaksindhudas/.m2/repository/org/seleniumhq/selenium/selenium-manager/4.32.0/selenium-manager-4.32.0.jar:/Users/jonaksindhudas/.m2/repository/org/seleniumhq/selenium/selenium-os/4.32.0/selenium-os-4.32.0.jar:/Users/jonaksindhudas/.m2/repository/org/apache/commons/commons-exec/1.4.0/commons-exec-1.4.0.jar:/Users/jonaksindhudas/.m2/repository/org/seleniumhq/selenium/selenium-support/4.32.0/selenium-support-4.32.0.jar:/Users/jonaksindhudas/.m2/repository/com/google/code/gson/gson/2.10.1/gson-2.10.1.jar:/Users/jonaksindhudas/.m2/repository/commons-validator/commons-validator/1.7/commons-validator-1.7.jar:/Users/jonaksindhudas/.m2/repository/commons-beanutils/commons-beanutils/1.9.4/commons-beanutils-1.9.4.jar:/Users/jonaksindhudas/.m2/repository/commons-digester/commons-digester/2.1/commons-digester-2.1.jar:/Users/jonaksindhudas/.m2/repository/commons-logging/commons-logging/1.2/commons-logging-1.2.jar:/Users/jonaksindhudas/.m2/repository/commons-collections/commons-collections/3.2.2/commons-collections-3.2.2.jar:/Users/jonaksindhudas/.m2/repository/org/apache/commons/commons-lang3/3.12.0/commons-lang3-3.12.0.jar:/Users/jonaksindhudas/.m2/repository/org/testng/testng/7.7.1/testng-7.7.1.jar:/Users/jonaksindhudas/.m2/repository/com/beust/jcommander/1.82/jcommander-1.82.jar:/Users/jonaksindhudas/.m2/repository/org/webjars/jquery/3.6.1/jquery-3.6.1.jar:/Users/jonaksindhudas/.m2/repository/org/seleniumhq/selenium/selenium-java/4.11.0/selenium-java-4.11.0.jar:/Users/jonaksindhudas/.m2/repository/org/seleniumhq/selenium/selenium-chrome-driver/4.11.0/selenium-chrome-driver-4.11.0.jar:/Users/jonaksindhudas/.m2/repository/org/seleniumhq/selenium/selenium-chromium-driver/4.11.0/selenium-chromium-driver-4.11.0.jar:/Users/jonaksindhudas/.m2/repository/org/seleniumhq/selenium/selenium-devtools-v113/4.11.0/selenium-devtools-v113-4.11.0.jar:/Users/jonaksindhudas/.m2/repository/org/seleniumhq/selenium/selenium-devtools-v114/4.11.0/selenium-devtools-v114-4.11.0.jar:/Users/jonaksindhudas/.m2/repository/org/seleniumhq/selenium/selenium-devtools-v115/4.11.0/selenium-devtools-v115-4.11.0.jar:/Users/jonaksindhudas/.m2/repository/org/seleniumhq/selenium/selenium-devtools-v85/4.11.0/selenium-devtools-v85-4.11.0.jar:/Users/jonaksindhudas/.m2/repository/org/seleniumhq/selenium/selenium-edge-driver/4.11.0/selenium-edge-driver-4.11.0.jar:/Users/jonaksindhudas/.m2/repository/org/seleniumhq/selenium/selenium-firefox-driver/4.11.0/selenium-firefox-driver-4.11.0.jar:/Users/jonaksindhudas/.m2/repository/org/seleniumhq/selenium/selenium-ie-driver/4.11.0/selenium-ie-driver-4.11.0.jar:/Users/jonaksindhudas/.m2/repository/org/seleniumhq/selenium/selenium-safari-driver/4.11.0/selenium-safari-driver-4.11.0.jar:/Users/jonaksindhudas/.m2/repository/com/optimaize/languagedetector/language-detector/0.6/language-detector-0.6.jar:/Users/jonaksindhudas/.m2/repository/net/arnx/jsonic/1.2.11/jsonic-1.2.11.jar:/Users/jonaksindhudas/.m2/repository/com/intellij/annotations/12.0/annotations-12.0.jar:/Users/jonaksindhudas/.m2/repository/com/google/guava/guava/18.0/guava-18.0.jar:/Users/jonaksindhudas/.m2/repository/org/json/json/20230227/json-20230227.jar:/Users/jonaksindhudas/.m2/repository/commons-io/commons-io/2.11.0/commons-io-2.11.0.jar:/Users/jonaksindhudas/.m2/repository/com/fasterxml/jackson/core/jackson-databind/2.15.2/jackson-databind-2.15.2.jar:/Users/jonaksindhudas/.m2/repository/com/fasterxml/jackson/core/jackson-annotations/2.15.2/jackson-annotations-2.15.2.jar:/Users/jonaksindhudas/.m2/repository/com/fasterxml/jackson/core/jackson-core/2.15.2/jackson-core-2.15.2.jar:/Users/jonaksindhudas/.m2/repository/com/aventstack/extentreports/5.0.9/extentreports-5.0.9.jar:/Users/jonaksindhudas/.m2/repository/io/reactivex/rxjava3/rxjava/3.0.4/rxjava-3.0.4.jar:/Users/jonaksindhudas/.m2/repository/org/reactivestreams/reactive-streams/1.0.3/reactive-streams-1.0.3.jar:/Users/jonaksindhudas/.m2/repository/org/freemarker/freemarker/2.3.30/freemarker-2.3.30.jar:/Users/jonaksindhudas/.m2/repository/org/slf4j/slf4j-api/2.0.7/slf4j-api-2.0.7.jar:/Users/jonaksindhudas/.m2/repository/org/slf4j/slf4j-simple/2.0.7/slf4j-simple-2.0.7.jar:"/>
    <property name="java.vm.vendor" value="Oracle Corporation"/>
    <property name="sun.arch.data.model" value="64"/>
    <property name="java.vendor.url" value="https://java.oracle.com/"/>
    <property name="os.name" value="Mac OS X"/>
    <property name="java.vm.specification.version" value="16"/>
    <property name="sun.java.launcher" value="SUN_STANDARD"/>
    <property name="user.country" value="US"/>
    <property name="sun.boot.library.path" value="/Library/Java/JavaVirtualMachines/jdk-16.0.1.jdk/Contents/Home/lib"/>
    <property name="sun.java.command" value="/Users/jonaksindhudas/Downloads/VANTAGEFITAPPAUTOMATION/VantageFitAppAutomation/VANTAGEFITAUTOMATION/target/surefire/surefirebooter7569209256372354492.jar /Users/jonaksindhudas/Downloads/VANTAGEFITAPPAUTOMATION/VantageFitAppAutomation/VANTAGEFITAUTOMATION/target/surefire 2025-05-22T21-54-47_788-jvmRun1 surefire8548065668077533158tmp surefire_02783031151974718140tmp"/>
    <property name="http.nonProxyHosts" value="local|*.local|169.254/16|*.169.254/16"/>
    <property name="jdk.debug" value="release"/>
    <property name="test" value="LocalizationTests"/>
    <property name="surefire.test.class.path" value="/Users/jonaksindhudas/Downloads/VANTAGEFITAPPAUTOMATION/VantageFitAppAutomation/VANTAGEFITAUTOMATION/target/test-classes:/Users/jonaksindhudas/Downloads/VANTAGEFITAPPAUTOMATION/VantageFitAppAutomation/VANTAGEFITAUTOMATION/target/classes:/Users/jonaksindhudas/.m2/repository/io/appium/java-client/8.5.1/java-client-8.5.1.jar:/Users/jonaksindhudas/.m2/repository/org/seleniumhq/selenium/selenium-api/4.32.0/selenium-api-4.32.0.jar:/Users/jonaksindhudas/.m2/repository/org/jspecify/jspecify/1.0.0/jspecify-1.0.0.jar:/Users/jonaksindhudas/.m2/repository/org/seleniumhq/selenium/selenium-remote-driver/4.32.0/selenium-remote-driver-4.32.0.jar:/Users/jonaksindhudas/.m2/repository/com/google/auto/service/auto-service-annotations/1.1.1/auto-service-annotations-1.1.1.jar:/Users/jonaksindhudas/.m2/repository/io/opentelemetry/opentelemetry-api/1.49.0/opentelemetry-api-1.49.0.jar:/Users/jonaksindhudas/.m2/repository/io/opentelemetry/opentelemetry-context/1.49.0/opentelemetry-context-1.49.0.jar:/Users/jonaksindhudas/.m2/repository/io/opentelemetry/opentelemetry-exporter-logging/1.49.0/opentelemetry-exporter-logging-1.49.0.jar:/Users/jonaksindhudas/.m2/repository/io/opentelemetry/opentelemetry-sdk-common/1.49.0/opentelemetry-sdk-common-1.49.0.jar:/Users/jonaksindhudas/.m2/repository/io/opentelemetry/opentelemetry-sdk-extension-autoconfigure-spi/1.49.0/opentelemetry-sdk-extension-autoconfigure-spi-1.49.0.jar:/Users/jonaksindhudas/.m2/repository/io/opentelemetry/opentelemetry-sdk-extension-autoconfigure/1.49.0/opentelemetry-sdk-extension-autoconfigure-1.49.0.jar:/Users/jonaksindhudas/.m2/repository/io/opentelemetry/opentelemetry-sdk-trace/1.49.0/opentelemetry-sdk-trace-1.49.0.jar:/Users/jonaksindhudas/.m2/repository/io/opentelemetry/opentelemetry-sdk/1.49.0/opentelemetry-sdk-1.49.0.jar:/Users/jonaksindhudas/.m2/repository/io/opentelemetry/opentelemetry-sdk-metrics/1.49.0/opentelemetry-sdk-metrics-1.49.0.jar:/Users/jonaksindhudas/.m2/repository/io/opentelemetry/opentelemetry-sdk-logs/1.49.0/opentelemetry-sdk-logs-1.49.0.jar:/Users/jonaksindhudas/.m2/repository/net/bytebuddy/byte-buddy/1.17.5/byte-buddy-1.17.5.jar:/Users/jonaksindhudas/.m2/repository/org/seleniumhq/selenium/selenium-http/4.32.0/selenium-http-4.32.0.jar:/Users/jonaksindhudas/.m2/repository/org/seleniumhq/selenium/selenium-json/4.32.0/selenium-json-4.32.0.jar:/Users/jonaksindhudas/.m2/repository/org/seleniumhq/selenium/selenium-manager/4.32.0/selenium-manager-4.32.0.jar:/Users/jonaksindhudas/.m2/repository/org/seleniumhq/selenium/selenium-os/4.32.0/selenium-os-4.32.0.jar:/Users/jonaksindhudas/.m2/repository/org/apache/commons/commons-exec/1.4.0/commons-exec-1.4.0.jar:/Users/jonaksindhudas/.m2/repository/org/seleniumhq/selenium/selenium-support/4.32.0/selenium-support-4.32.0.jar:/Users/jonaksindhudas/.m2/repository/com/google/code/gson/gson/2.10.1/gson-2.10.1.jar:/Users/jonaksindhudas/.m2/repository/commons-validator/commons-validator/1.7/commons-validator-1.7.jar:/Users/jonaksindhudas/.m2/repository/commons-beanutils/commons-beanutils/1.9.4/commons-beanutils-1.9.4.jar:/Users/jonaksindhudas/.m2/repository/commons-digester/commons-digester/2.1/commons-digester-2.1.jar:/Users/jonaksindhudas/.m2/repository/commons-logging/commons-logging/1.2/commons-logging-1.2.jar:/Users/jonaksindhudas/.m2/repository/commons-collections/commons-collections/3.2.2/commons-collections-3.2.2.jar:/Users/jonaksindhudas/.m2/repository/org/apache/commons/commons-lang3/3.12.0/commons-lang3-3.12.0.jar:/Users/jonaksindhudas/.m2/repository/org/testng/testng/7.7.1/testng-7.7.1.jar:/Users/jonaksindhudas/.m2/repository/com/beust/jcommander/1.82/jcommander-1.82.jar:/Users/jonaksindhudas/.m2/repository/org/webjars/jquery/3.6.1/jquery-3.6.1.jar:/Users/jonaksindhudas/.m2/repository/org/seleniumhq/selenium/selenium-java/4.11.0/selenium-java-4.11.0.jar:/Users/jonaksindhudas/.m2/repository/org/seleniumhq/selenium/selenium-chrome-driver/4.11.0/selenium-chrome-driver-4.11.0.jar:/Users/jonaksindhudas/.m2/repository/org/seleniumhq/selenium/selenium-chromium-driver/4.11.0/selenium-chromium-driver-4.11.0.jar:/Users/jonaksindhudas/.m2/repository/org/seleniumhq/selenium/selenium-devtools-v113/4.11.0/selenium-devtools-v113-4.11.0.jar:/Users/jonaksindhudas/.m2/repository/org/seleniumhq/selenium/selenium-devtools-v114/4.11.0/selenium-devtools-v114-4.11.0.jar:/Users/jonaksindhudas/.m2/repository/org/seleniumhq/selenium/selenium-devtools-v115/4.11.0/selenium-devtools-v115-4.11.0.jar:/Users/jonaksindhudas/.m2/repository/org/seleniumhq/selenium/selenium-devtools-v85/4.11.0/selenium-devtools-v85-4.11.0.jar:/Users/jonaksindhudas/.m2/repository/org/seleniumhq/selenium/selenium-edge-driver/4.11.0/selenium-edge-driver-4.11.0.jar:/Users/jonaksindhudas/.m2/repository/org/seleniumhq/selenium/selenium-firefox-driver/4.11.0/selenium-firefox-driver-4.11.0.jar:/Users/jonaksindhudas/.m2/repository/org/seleniumhq/selenium/selenium-ie-driver/4.11.0/selenium-ie-driver-4.11.0.jar:/Users/jonaksindhudas/.m2/repository/org/seleniumhq/selenium/selenium-safari-driver/4.11.0/selenium-safari-driver-4.11.0.jar:/Users/jonaksindhudas/.m2/repository/com/optimaize/languagedetector/language-detector/0.6/language-detector-0.6.jar:/Users/jonaksindhudas/.m2/repository/net/arnx/jsonic/1.2.11/jsonic-1.2.11.jar:/Users/jonaksindhudas/.m2/repository/com/intellij/annotations/12.0/annotations-12.0.jar:/Users/jonaksindhudas/.m2/repository/com/google/guava/guava/18.0/guava-18.0.jar:/Users/jonaksindhudas/.m2/repository/org/json/json/20230227/json-20230227.jar:/Users/jonaksindhudas/.m2/repository/commons-io/commons-io/2.11.0/commons-io-2.11.0.jar:/Users/jonaksindhudas/.m2/repository/com/fasterxml/jackson/core/jackson-databind/2.15.2/jackson-databind-2.15.2.jar:/Users/jonaksindhudas/.m2/repository/com/fasterxml/jackson/core/jackson-annotations/2.15.2/jackson-annotations-2.15.2.jar:/Users/jonaksindhudas/.m2/repository/com/fasterxml/jackson/core/jackson-core/2.15.2/jackson-core-2.15.2.jar:/Users/jonaksindhudas/.m2/repository/com/aventstack/extentreports/5.0.9/extentreports-5.0.9.jar:/Users/jonaksindhudas/.m2/repository/io/reactivex/rxjava3/rxjava/3.0.4/rxjava-3.0.4.jar:/Users/jonaksindhudas/.m2/repository/org/reactivestreams/reactive-streams/1.0.3/reactive-streams-1.0.3.jar:/Users/jonaksindhudas/.m2/repository/org/freemarker/freemarker/2.3.30/freemarker-2.3.30.jar:/Users/jonaksindhudas/.m2/repository/org/slf4j/slf4j-api/2.0.7/slf4j-api-2.0.7.jar:/Users/jonaksindhudas/.m2/repository/org/slf4j/slf4j-simple/2.0.7/slf4j-simple-2.0.7.jar:"/>
    <property name="sun.cpu.endian" value="little"/>
    <property name="user.home" value="/Users/jonaksindhudas"/>
    <property name="user.language" value="en"/>
    <property name="java.specification.vendor" value="Oracle Corporation"/>
    <property name="java.version.date" value="2021-04-20"/>
    <property name="java.home" value="/Library/Java/JavaVirtualMachines/jdk-16.0.1.jdk/Contents/Home"/>
    <property name="file.separator" value="/"/>
    <property name="basedir" value="/Users/jonaksindhudas/Downloads/VANTAGEFITAPPAUTOMATION/VantageFitAppAutomation/VANTAGEFITAUTOMATION"/>
    <property name="java.vm.compressedOopsMode" value="Zero based"/>
    <property name="line.separator" value="&#10;"/>
    <property name="java.specification.name" value="Java Platform API Specification"/>
    <property name="java.vm.specification.vendor" value="Oracle Corporation"/>
    <property name="surefire.real.class.path" value="/Users/jonaksindhudas/Downloads/VANTAGEFITAPPAUTOMATION/VantageFitAppAutomation/VANTAGEFITAUTOMATION/target/surefire/surefirebooter7569209256372354492.jar"/>
    <property name="sun.management.compiler" value="HotSpot 64-Bit Tiered Compilers"/>
    <property name="ftp.nonProxyHosts" value="local|*.local|169.254/16|*.169.254/16"/>
    <property name="java.runtime.version" value="16.0.1+9-24"/>
    <property name="user.name" value="jonaksindhudas"/>
    <property name="path.separator" value=":"/>
    <property name="os.version" value="11.2"/>
    <property name="java.runtime.name" value="Java(TM) SE Runtime Environment"/>
    <property name="file.encoding" value="UTF-8"/>
    <property name="java.vm.name" value="Java HotSpot(TM) 64-Bit Server VM"/>
    <property name="localRepository" value="/Users/jonaksindhudas/.m2/repository"/>
    <property name="java.vendor.url.bug" value="https://bugreport.java.com/bugreport/"/>
    <property name="java.io.tmpdir" value="/var/folders/65/_g3qszxs28g6jmx2nkxf12h80000gn/T/"/>
    <property name="java.version" value="16.0.1"/>
    <property name="user.dir" value="/Users/jonaksindhudas/Downloads/VANTAGEFITAPPAUTOMATION/VantageFitAppAutomation/VANTAGEFITAUTOMATION"/>
    <property name="os.arch" value="x86_64"/>
    <property name="java.vm.specification.name" value="Java Virtual Machine Specification"/>
    <property name="java.library.path" value="/Users/jonaksindhudas/Library/Java/Extensions:/Library/Java/Extensions:/Network/Library/Java/Extensions:/System/Library/Java/Extensions:/usr/lib/java:."/>
    <property name="java.vm.info" value="mixed mode, sharing"/>
    <property name="java.vendor" value="Oracle Corporation"/>
    <property name="java.vm.version" value="16.0.1+9-24"/>
    <property name="sun.io.unicode.encoding" value="UnicodeBig"/>
    <property name="socksNonProxyHosts" value="local|*.local|169.254/16|*.169.254/16"/>
    <property name="java.class.version" value="60.0"/>
  </properties>
  <testcase name="ConfigureAppium" classname="org.vantagefit.testCases.LocalizationTests" time="1.601">
    <failure message="&apos;void org.openqa.selenium.remote.http.ClientConfig.&lt;init&gt;(java.net.URI, java.time.Duration, java.time.Duration, org.openqa.selenium.remote.http.Filter, java.net.Proxy, org.openqa.selenium.Credentials)&apos;" type="java.lang.NoSuchMethodError"><![CDATA[java.lang.NoSuchMethodError: 'void org.openqa.selenium.remote.http.ClientConfig.<init>(java.net.URI, java.time.Duration, java.time.Duration, org.openqa.selenium.remote.http.Filter, java.net.Proxy, org.openqa.selenium.Credentials)'
]]></failure>
  </testcase>
  <testcase name="testAddHealthDataLocalization" classname="org.vantagefit.testCases.LocalizationTests" time="0">
    <skipped message="&apos;void org.openqa.selenium.remote.http.ClientConfig.&lt;init&gt;(java.net.URI, java.time.Duration, java.time.Duration, org.openqa.selenium.remote.http.Filter, java.net.Proxy, org.openqa.selenium.Credentials)&apos;"/>
  </testcase>
  <testcase name="testAddHealthDataLocalization" classname="org.vantagefit.testCases.LocalizationTests" time="0">
    <skipped message="&apos;void org.openqa.selenium.remote.http.ClientConfig.&lt;init&gt;(java.net.URI, java.time.Duration, java.time.Duration, org.openqa.selenium.remote.http.Filter, java.net.Proxy, org.openqa.selenium.Credentials)&apos;"/>
  </testcase>
  <testcase name="testAddHealthDataLocalization" classname="org.vantagefit.testCases.LocalizationTests" time="0">
    <skipped message="&apos;void org.openqa.selenium.remote.http.ClientConfig.&lt;init&gt;(java.net.URI, java.time.Duration, java.time.Duration, org.openqa.selenium.remote.http.Filter, java.net.Proxy, org.openqa.selenium.Credentials)&apos;"/>
  </testcase>
  <testcase name="testAddHealthDataLocalization" classname="org.vantagefit.testCases.LocalizationTests" time="0">
    <skipped message="&apos;void org.openqa.selenium.remote.http.ClientConfig.&lt;init&gt;(java.net.URI, java.time.Duration, java.time.Duration, org.openqa.selenium.remote.http.Filter, java.net.Proxy, org.openqa.selenium.Credentials)&apos;"/>
  </testcase>
  <testcase name="testAddHealthDataLocalization" classname="org.vantagefit.testCases.LocalizationTests" time="0">
    <skipped message="&apos;void org.openqa.selenium.remote.http.ClientConfig.&lt;init&gt;(java.net.URI, java.time.Duration, java.time.Duration, org.openqa.selenium.remote.http.Filter, java.net.Proxy, org.openqa.selenium.Credentials)&apos;"/>
  </testcase>
  <testcase name="testAddHealthDataLocalization" classname="org.vantagefit.testCases.LocalizationTests" time="0">
    <skipped message="&apos;void org.openqa.selenium.remote.http.ClientConfig.&lt;init&gt;(java.net.URI, java.time.Duration, java.time.Duration, org.openqa.selenium.remote.http.Filter, java.net.Proxy, org.openqa.selenium.Credentials)&apos;"/>
  </testcase>
  <testcase name="testAddHealthDataLocalization" classname="org.vantagefit.testCases.LocalizationTests" time="0">
    <skipped message="&apos;void org.openqa.selenium.remote.http.ClientConfig.&lt;init&gt;(java.net.URI, java.time.Duration, java.time.Duration, org.openqa.selenium.remote.http.Filter, java.net.Proxy, org.openqa.selenium.Credentials)&apos;"/>
  </testcase>
  <testcase name="testAddHealthDataLocalization" classname="org.vantagefit.testCases.LocalizationTests" time="0">
    <skipped message="&apos;void org.openqa.selenium.remote.http.ClientConfig.&lt;init&gt;(java.net.URI, java.time.Duration, java.time.Duration, org.openqa.selenium.remote.http.Filter, java.net.Proxy, org.openqa.selenium.Credentials)&apos;"/>
  </testcase>
  <testcase name="testAddHealthDataLocalization" classname="org.vantagefit.testCases.LocalizationTests" time="0">
    <skipped message="&apos;void org.openqa.selenium.remote.http.ClientConfig.&lt;init&gt;(java.net.URI, java.time.Duration, java.time.Duration, org.openqa.selenium.remote.http.Filter, java.net.Proxy, org.openqa.selenium.Credentials)&apos;"/>
  </testcase>
  <testcase name="testAddHealthDataLocalization" classname="org.vantagefit.testCases.LocalizationTests" time="0">
    <skipped message="&apos;void org.openqa.selenium.remote.http.ClientConfig.&lt;init&gt;(java.net.URI, java.time.Duration, java.time.Duration, org.openqa.selenium.remote.http.Filter, java.net.Proxy, org.openqa.selenium.Credentials)&apos;"/>
  </testcase>
  <testcase name="testAddHealthDataLocalization" classname="org.vantagefit.testCases.LocalizationTests" time="0">
    <skipped message="&apos;void org.openqa.selenium.remote.http.ClientConfig.&lt;init&gt;(java.net.URI, java.time.Duration, java.time.Duration, org.openqa.selenium.remote.http.Filter, java.net.Proxy, org.openqa.selenium.Credentials)&apos;"/>
  </testcase>
  <testcase name="testAddHealthDataLocalization" classname="org.vantagefit.testCases.LocalizationTests" time="0">
    <skipped message="&apos;void org.openqa.selenium.remote.http.ClientConfig.&lt;init&gt;(java.net.URI, java.time.Duration, java.time.Duration, org.openqa.selenium.remote.http.Filter, java.net.Proxy, org.openqa.selenium.Credentials)&apos;"/>
  </testcase>
  <testcase name="testAddHealthDataLocalization" classname="org.vantagefit.testCases.LocalizationTests" time="0">
    <skipped message="&apos;void org.openqa.selenium.remote.http.ClientConfig.&lt;init&gt;(java.net.URI, java.time.Duration, java.time.Duration, org.openqa.selenium.remote.http.Filter, java.net.Proxy, org.openqa.selenium.Credentials)&apos;"/>
  </testcase>
  <testcase name="testAddHealthDataLocalization" classname="org.vantagefit.testCases.LocalizationTests" time="0">
    <skipped message="&apos;void org.openqa.selenium.remote.http.ClientConfig.&lt;init&gt;(java.net.URI, java.time.Duration, java.time.Duration, org.openqa.selenium.remote.http.Filter, java.net.Proxy, org.openqa.selenium.Credentials)&apos;"/>
  </testcase>
  <testcase name="testAddHealthDataLocalization" classname="org.vantagefit.testCases.LocalizationTests" time="0">
    <skipped message="&apos;void org.openqa.selenium.remote.http.ClientConfig.&lt;init&gt;(java.net.URI, java.time.Duration, java.time.Duration, org.openqa.selenium.remote.http.Filter, java.net.Proxy, org.openqa.selenium.Credentials)&apos;"/>
  </testcase>
  <testcase name="testAgreementLocalization" classname="org.vantagefit.testCases.LocalizationTests" time="0">
    <skipped message="&apos;void org.openqa.selenium.remote.http.ClientConfig.&lt;init&gt;(java.net.URI, java.time.Duration, java.time.Duration, org.openqa.selenium.remote.http.Filter, java.net.Proxy, org.openqa.selenium.Credentials)&apos;"/>
  </testcase>
  <testcase name="testAgreementLocalization" classname="org.vantagefit.testCases.LocalizationTests" time="0">
    <skipped message="&apos;void org.openqa.selenium.remote.http.ClientConfig.&lt;init&gt;(java.net.URI, java.time.Duration, java.time.Duration, org.openqa.selenium.remote.http.Filter, java.net.Proxy, org.openqa.selenium.Credentials)&apos;"/>
  </testcase>
  <testcase name="testAgreementLocalization" classname="org.vantagefit.testCases.LocalizationTests" time="0">
    <skipped message="&apos;void org.openqa.selenium.remote.http.ClientConfig.&lt;init&gt;(java.net.URI, java.time.Duration, java.time.Duration, org.openqa.selenium.remote.http.Filter, java.net.Proxy, org.openqa.selenium.Credentials)&apos;"/>
  </testcase>
  <testcase name="testAgreementLocalization" classname="org.vantagefit.testCases.LocalizationTests" time="0">
    <skipped message="&apos;void org.openqa.selenium.remote.http.ClientConfig.&lt;init&gt;(java.net.URI, java.time.Duration, java.time.Duration, org.openqa.selenium.remote.http.Filter, java.net.Proxy, org.openqa.selenium.Credentials)&apos;"/>
  </testcase>
  <testcase name="testAgreementLocalization" classname="org.vantagefit.testCases.LocalizationTests" time="0">
    <skipped message="&apos;void org.openqa.selenium.remote.http.ClientConfig.&lt;init&gt;(java.net.URI, java.time.Duration, java.time.Duration, org.openqa.selenium.remote.http.Filter, java.net.Proxy, org.openqa.selenium.Credentials)&apos;"/>
  </testcase>
  <testcase name="testAgreementLocalization" classname="org.vantagefit.testCases.LocalizationTests" time="0">
    <skipped message="&apos;void org.openqa.selenium.remote.http.ClientConfig.&lt;init&gt;(java.net.URI, java.time.Duration, java.time.Duration, org.openqa.selenium.remote.http.Filter, java.net.Proxy, org.openqa.selenium.Credentials)&apos;"/>
  </testcase>
  <testcase name="testAgreementLocalization" classname="org.vantagefit.testCases.LocalizationTests" time="0">
    <skipped message="&apos;void org.openqa.selenium.remote.http.ClientConfig.&lt;init&gt;(java.net.URI, java.time.Duration, java.time.Duration, org.openqa.selenium.remote.http.Filter, java.net.Proxy, org.openqa.selenium.Credentials)&apos;"/>
  </testcase>
  <testcase name="testAgreementLocalization" classname="org.vantagefit.testCases.LocalizationTests" time="0">
    <skipped message="&apos;void org.openqa.selenium.remote.http.ClientConfig.&lt;init&gt;(java.net.URI, java.time.Duration, java.time.Duration, org.openqa.selenium.remote.http.Filter, java.net.Proxy, org.openqa.selenium.Credentials)&apos;"/>
  </testcase>
  <testcase name="testAgreementLocalization" classname="org.vantagefit.testCases.LocalizationTests" time="0">
    <skipped message="&apos;void org.openqa.selenium.remote.http.ClientConfig.&lt;init&gt;(java.net.URI, java.time.Duration, java.time.Duration, org.openqa.selenium.remote.http.Filter, java.net.Proxy, org.openqa.selenium.Credentials)&apos;"/>
  </testcase>
  <testcase name="testAgreementLocalization" classname="org.vantagefit.testCases.LocalizationTests" time="0">
    <skipped message="&apos;void org.openqa.selenium.remote.http.ClientConfig.&lt;init&gt;(java.net.URI, java.time.Duration, java.time.Duration, org.openqa.selenium.remote.http.Filter, java.net.Proxy, org.openqa.selenium.Credentials)&apos;"/>
  </testcase>
  <testcase name="testAgreementLocalization" classname="org.vantagefit.testCases.LocalizationTests" time="0">
    <skipped message="&apos;void org.openqa.selenium.remote.http.ClientConfig.&lt;init&gt;(java.net.URI, java.time.Duration, java.time.Duration, org.openqa.selenium.remote.http.Filter, java.net.Proxy, org.openqa.selenium.Credentials)&apos;"/>
  </testcase>
  <testcase name="testAgreementLocalization" classname="org.vantagefit.testCases.LocalizationTests" time="0">
    <skipped message="&apos;void org.openqa.selenium.remote.http.ClientConfig.&lt;init&gt;(java.net.URI, java.time.Duration, java.time.Duration, org.openqa.selenium.remote.http.Filter, java.net.Proxy, org.openqa.selenium.Credentials)&apos;"/>
  </testcase>
  <testcase name="testAgreementLocalization" classname="org.vantagefit.testCases.LocalizationTests" time="0">
    <skipped message="&apos;void org.openqa.selenium.remote.http.ClientConfig.&lt;init&gt;(java.net.URI, java.time.Duration, java.time.Duration, org.openqa.selenium.remote.http.Filter, java.net.Proxy, org.openqa.selenium.Credentials)&apos;"/>
  </testcase>
  <testcase name="testAgreementLocalization" classname="org.vantagefit.testCases.LocalizationTests" time="0">
    <skipped message="&apos;void org.openqa.selenium.remote.http.ClientConfig.&lt;init&gt;(java.net.URI, java.time.Duration, java.time.Duration, org.openqa.selenium.remote.http.Filter, java.net.Proxy, org.openqa.selenium.Credentials)&apos;"/>
  </testcase>
  <testcase name="testAgreementLocalization" classname="org.vantagefit.testCases.LocalizationTests" time="0">
    <skipped message="&apos;void org.openqa.selenium.remote.http.ClientConfig.&lt;init&gt;(java.net.URI, java.time.Duration, java.time.Duration, org.openqa.selenium.remote.http.Filter, java.net.Proxy, org.openqa.selenium.Credentials)&apos;"/>
  </testcase>
  <testcase name="testConnectGoogleFitLocalization" classname="org.vantagefit.testCases.LocalizationTests" time="0">
    <skipped message="&apos;void org.openqa.selenium.remote.http.ClientConfig.&lt;init&gt;(java.net.URI, java.time.Duration, java.time.Duration, org.openqa.selenium.remote.http.Filter, java.net.Proxy, org.openqa.selenium.Credentials)&apos;"/>
  </testcase>
  <testcase name="testConnectGoogleFitLocalization" classname="org.vantagefit.testCases.LocalizationTests" time="0">
    <skipped message="&apos;void org.openqa.selenium.remote.http.ClientConfig.&lt;init&gt;(java.net.URI, java.time.Duration, java.time.Duration, org.openqa.selenium.remote.http.Filter, java.net.Proxy, org.openqa.selenium.Credentials)&apos;"/>
  </testcase>
  <testcase name="testConnectGoogleFitLocalization" classname="org.vantagefit.testCases.LocalizationTests" time="0">
    <skipped message="&apos;void org.openqa.selenium.remote.http.ClientConfig.&lt;init&gt;(java.net.URI, java.time.Duration, java.time.Duration, org.openqa.selenium.remote.http.Filter, java.net.Proxy, org.openqa.selenium.Credentials)&apos;"/>
  </testcase>
  <testcase name="testConnectGoogleFitLocalization" classname="org.vantagefit.testCases.LocalizationTests" time="0">
    <skipped message="&apos;void org.openqa.selenium.remote.http.ClientConfig.&lt;init&gt;(java.net.URI, java.time.Duration, java.time.Duration, org.openqa.selenium.remote.http.Filter, java.net.Proxy, org.openqa.selenium.Credentials)&apos;"/>
  </testcase>
  <testcase name="testConnectGoogleFitLocalization" classname="org.vantagefit.testCases.LocalizationTests" time="0">
    <skipped message="&apos;void org.openqa.selenium.remote.http.ClientConfig.&lt;init&gt;(java.net.URI, java.time.Duration, java.time.Duration, org.openqa.selenium.remote.http.Filter, java.net.Proxy, org.openqa.selenium.Credentials)&apos;"/>
  </testcase>
  <testcase name="testConnectGoogleFitLocalization" classname="org.vantagefit.testCases.LocalizationTests" time="0">
    <skipped message="&apos;void org.openqa.selenium.remote.http.ClientConfig.&lt;init&gt;(java.net.URI, java.time.Duration, java.time.Duration, org.openqa.selenium.remote.http.Filter, java.net.Proxy, org.openqa.selenium.Credentials)&apos;"/>
  </testcase>
  <testcase name="testConnectGoogleFitLocalization" classname="org.vantagefit.testCases.LocalizationTests" time="0">
    <skipped message="&apos;void org.openqa.selenium.remote.http.ClientConfig.&lt;init&gt;(java.net.URI, java.time.Duration, java.time.Duration, org.openqa.selenium.remote.http.Filter, java.net.Proxy, org.openqa.selenium.Credentials)&apos;"/>
  </testcase>
  <testcase name="testConnectGoogleFitLocalization" classname="org.vantagefit.testCases.LocalizationTests" time="0">
    <skipped message="&apos;void org.openqa.selenium.remote.http.ClientConfig.&lt;init&gt;(java.net.URI, java.time.Duration, java.time.Duration, org.openqa.selenium.remote.http.Filter, java.net.Proxy, org.openqa.selenium.Credentials)&apos;"/>
  </testcase>
  <testcase name="testConnectGoogleFitLocalization" classname="org.vantagefit.testCases.LocalizationTests" time="0">
    <skipped message="&apos;void org.openqa.selenium.remote.http.ClientConfig.&lt;init&gt;(java.net.URI, java.time.Duration, java.time.Duration, org.openqa.selenium.remote.http.Filter, java.net.Proxy, org.openqa.selenium.Credentials)&apos;"/>
  </testcase>
  <testcase name="testConnectGoogleFitLocalization" classname="org.vantagefit.testCases.LocalizationTests" time="0">
    <skipped message="&apos;void org.openqa.selenium.remote.http.ClientConfig.&lt;init&gt;(java.net.URI, java.time.Duration, java.time.Duration, org.openqa.selenium.remote.http.Filter, java.net.Proxy, org.openqa.selenium.Credentials)&apos;"/>
  </testcase>
  <testcase name="testConnectGoogleFitLocalization" classname="org.vantagefit.testCases.LocalizationTests" time="0">
    <skipped message="&apos;void org.openqa.selenium.remote.http.ClientConfig.&lt;init&gt;(java.net.URI, java.time.Duration, java.time.Duration, org.openqa.selenium.remote.http.Filter, java.net.Proxy, org.openqa.selenium.Credentials)&apos;"/>
  </testcase>
  <testcase name="testConnectGoogleFitLocalization" classname="org.vantagefit.testCases.LocalizationTests" time="0">
    <skipped message="&apos;void org.openqa.selenium.remote.http.ClientConfig.&lt;init&gt;(java.net.URI, java.time.Duration, java.time.Duration, org.openqa.selenium.remote.http.Filter, java.net.Proxy, org.openqa.selenium.Credentials)&apos;"/>
  </testcase>
  <testcase name="testConnectGoogleFitLocalization" classname="org.vantagefit.testCases.LocalizationTests" time="0">
    <skipped message="&apos;void org.openqa.selenium.remote.http.ClientConfig.&lt;init&gt;(java.net.URI, java.time.Duration, java.time.Duration, org.openqa.selenium.remote.http.Filter, java.net.Proxy, org.openqa.selenium.Credentials)&apos;"/>
  </testcase>
  <testcase name="testConnectGoogleFitLocalization" classname="org.vantagefit.testCases.LocalizationTests" time="0">
    <skipped message="&apos;void org.openqa.selenium.remote.http.ClientConfig.&lt;init&gt;(java.net.URI, java.time.Duration, java.time.Duration, org.openqa.selenium.remote.http.Filter, java.net.Proxy, org.openqa.selenium.Credentials)&apos;"/>
  </testcase>
  <testcase name="testConnectGoogleFitLocalization" classname="org.vantagefit.testCases.LocalizationTests" time="0">
    <skipped message="&apos;void org.openqa.selenium.remote.http.ClientConfig.&lt;init&gt;(java.net.URI, java.time.Duration, java.time.Duration, org.openqa.selenium.remote.http.Filter, java.net.Proxy, org.openqa.selenium.Credentials)&apos;"/>
  </testcase>
  <testcase name="testFABMenuLocalization" classname="org.vantagefit.testCases.LocalizationTests" time="0">
    <skipped message="&apos;void org.openqa.selenium.remote.http.ClientConfig.&lt;init&gt;(java.net.URI, java.time.Duration, java.time.Duration, org.openqa.selenium.remote.http.Filter, java.net.Proxy, org.openqa.selenium.Credentials)&apos;"/>
  </testcase>
  <testcase name="testFABMenuLocalization" classname="org.vantagefit.testCases.LocalizationTests" time="0">
    <skipped message="&apos;void org.openqa.selenium.remote.http.ClientConfig.&lt;init&gt;(java.net.URI, java.time.Duration, java.time.Duration, org.openqa.selenium.remote.http.Filter, java.net.Proxy, org.openqa.selenium.Credentials)&apos;"/>
  </testcase>
  <testcase name="testFABMenuLocalization" classname="org.vantagefit.testCases.LocalizationTests" time="0">
    <skipped message="&apos;void org.openqa.selenium.remote.http.ClientConfig.&lt;init&gt;(java.net.URI, java.time.Duration, java.time.Duration, org.openqa.selenium.remote.http.Filter, java.net.Proxy, org.openqa.selenium.Credentials)&apos;"/>
  </testcase>
  <testcase name="testFABMenuLocalization" classname="org.vantagefit.testCases.LocalizationTests" time="0">
    <skipped message="&apos;void org.openqa.selenium.remote.http.ClientConfig.&lt;init&gt;(java.net.URI, java.time.Duration, java.time.Duration, org.openqa.selenium.remote.http.Filter, java.net.Proxy, org.openqa.selenium.Credentials)&apos;"/>
  </testcase>
  <testcase name="testFABMenuLocalization" classname="org.vantagefit.testCases.LocalizationTests" time="0">
    <skipped message="&apos;void org.openqa.selenium.remote.http.ClientConfig.&lt;init&gt;(java.net.URI, java.time.Duration, java.time.Duration, org.openqa.selenium.remote.http.Filter, java.net.Proxy, org.openqa.selenium.Credentials)&apos;"/>
  </testcase>
  <testcase name="testFABMenuLocalization" classname="org.vantagefit.testCases.LocalizationTests" time="0">
    <skipped message="&apos;void org.openqa.selenium.remote.http.ClientConfig.&lt;init&gt;(java.net.URI, java.time.Duration, java.time.Duration, org.openqa.selenium.remote.http.Filter, java.net.Proxy, org.openqa.selenium.Credentials)&apos;"/>
  </testcase>
  <testcase name="testFABMenuLocalization" classname="org.vantagefit.testCases.LocalizationTests" time="0">
    <skipped message="&apos;void org.openqa.selenium.remote.http.ClientConfig.&lt;init&gt;(java.net.URI, java.time.Duration, java.time.Duration, org.openqa.selenium.remote.http.Filter, java.net.Proxy, org.openqa.selenium.Credentials)&apos;"/>
  </testcase>
  <testcase name="testFABMenuLocalization" classname="org.vantagefit.testCases.LocalizationTests" time="0">
    <skipped message="&apos;void org.openqa.selenium.remote.http.ClientConfig.&lt;init&gt;(java.net.URI, java.time.Duration, java.time.Duration, org.openqa.selenium.remote.http.Filter, java.net.Proxy, org.openqa.selenium.Credentials)&apos;"/>
  </testcase>
  <testcase name="testFABMenuLocalization" classname="org.vantagefit.testCases.LocalizationTests" time="0">
    <skipped message="&apos;void org.openqa.selenium.remote.http.ClientConfig.&lt;init&gt;(java.net.URI, java.time.Duration, java.time.Duration, org.openqa.selenium.remote.http.Filter, java.net.Proxy, org.openqa.selenium.Credentials)&apos;"/>
  </testcase>
  <testcase name="testFABMenuLocalization" classname="org.vantagefit.testCases.LocalizationTests" time="0">
    <skipped message="&apos;void org.openqa.selenium.remote.http.ClientConfig.&lt;init&gt;(java.net.URI, java.time.Duration, java.time.Duration, org.openqa.selenium.remote.http.Filter, java.net.Proxy, org.openqa.selenium.Credentials)&apos;"/>
  </testcase>
  <testcase name="testFABMenuLocalization" classname="org.vantagefit.testCases.LocalizationTests" time="0">
    <skipped message="&apos;void org.openqa.selenium.remote.http.ClientConfig.&lt;init&gt;(java.net.URI, java.time.Duration, java.time.Duration, org.openqa.selenium.remote.http.Filter, java.net.Proxy, org.openqa.selenium.Credentials)&apos;"/>
  </testcase>
  <testcase name="testFABMenuLocalization" classname="org.vantagefit.testCases.LocalizationTests" time="0">
    <skipped message="&apos;void org.openqa.selenium.remote.http.ClientConfig.&lt;init&gt;(java.net.URI, java.time.Duration, java.time.Duration, org.openqa.selenium.remote.http.Filter, java.net.Proxy, org.openqa.selenium.Credentials)&apos;"/>
  </testcase>
  <testcase name="testFABMenuLocalization" classname="org.vantagefit.testCases.LocalizationTests" time="0">
    <skipped message="&apos;void org.openqa.selenium.remote.http.ClientConfig.&lt;init&gt;(java.net.URI, java.time.Duration, java.time.Duration, org.openqa.selenium.remote.http.Filter, java.net.Proxy, org.openqa.selenium.Credentials)&apos;"/>
  </testcase>
  <testcase name="testFABMenuLocalization" classname="org.vantagefit.testCases.LocalizationTests" time="0">
    <skipped message="&apos;void org.openqa.selenium.remote.http.ClientConfig.&lt;init&gt;(java.net.URI, java.time.Duration, java.time.Duration, org.openqa.selenium.remote.http.Filter, java.net.Proxy, org.openqa.selenium.Credentials)&apos;"/>
  </testcase>
  <testcase name="testFABMenuLocalization" classname="org.vantagefit.testCases.LocalizationTests" time="0">
    <skipped message="&apos;void org.openqa.selenium.remote.http.ClientConfig.&lt;init&gt;(java.net.URI, java.time.Duration, java.time.Duration, org.openqa.selenium.remote.http.Filter, java.net.Proxy, org.openqa.selenium.Credentials)&apos;"/>
  </testcase>
  <testcase name="testHealthRecordLocalization" classname="org.vantagefit.testCases.LocalizationTests" time="0">
    <skipped message="&apos;void org.openqa.selenium.remote.http.ClientConfig.&lt;init&gt;(java.net.URI, java.time.Duration, java.time.Duration, org.openqa.selenium.remote.http.Filter, java.net.Proxy, org.openqa.selenium.Credentials)&apos;"/>
  </testcase>
  <testcase name="testHealthRecordLocalization" classname="org.vantagefit.testCases.LocalizationTests" time="0">
    <skipped message="&apos;void org.openqa.selenium.remote.http.ClientConfig.&lt;init&gt;(java.net.URI, java.time.Duration, java.time.Duration, org.openqa.selenium.remote.http.Filter, java.net.Proxy, org.openqa.selenium.Credentials)&apos;"/>
  </testcase>
  <testcase name="testHealthRecordLocalization" classname="org.vantagefit.testCases.LocalizationTests" time="0">
    <skipped message="&apos;void org.openqa.selenium.remote.http.ClientConfig.&lt;init&gt;(java.net.URI, java.time.Duration, java.time.Duration, org.openqa.selenium.remote.http.Filter, java.net.Proxy, org.openqa.selenium.Credentials)&apos;"/>
  </testcase>
  <testcase name="testHealthRecordLocalization" classname="org.vantagefit.testCases.LocalizationTests" time="0">
    <skipped message="&apos;void org.openqa.selenium.remote.http.ClientConfig.&lt;init&gt;(java.net.URI, java.time.Duration, java.time.Duration, org.openqa.selenium.remote.http.Filter, java.net.Proxy, org.openqa.selenium.Credentials)&apos;"/>
  </testcase>
  <testcase name="testHealthRecordLocalization" classname="org.vantagefit.testCases.LocalizationTests" time="0">
    <skipped message="&apos;void org.openqa.selenium.remote.http.ClientConfig.&lt;init&gt;(java.net.URI, java.time.Duration, java.time.Duration, org.openqa.selenium.remote.http.Filter, java.net.Proxy, org.openqa.selenium.Credentials)&apos;"/>
  </testcase>
  <testcase name="testHealthRecordLocalization" classname="org.vantagefit.testCases.LocalizationTests" time="0">
    <skipped message="&apos;void org.openqa.selenium.remote.http.ClientConfig.&lt;init&gt;(java.net.URI, java.time.Duration, java.time.Duration, org.openqa.selenium.remote.http.Filter, java.net.Proxy, org.openqa.selenium.Credentials)&apos;"/>
  </testcase>
  <testcase name="testHealthRecordLocalization" classname="org.vantagefit.testCases.LocalizationTests" time="0">
    <skipped message="&apos;void org.openqa.selenium.remote.http.ClientConfig.&lt;init&gt;(java.net.URI, java.time.Duration, java.time.Duration, org.openqa.selenium.remote.http.Filter, java.net.Proxy, org.openqa.selenium.Credentials)&apos;"/>
  </testcase>
  <testcase name="testHealthRecordLocalization" classname="org.vantagefit.testCases.LocalizationTests" time="0">
    <skipped message="&apos;void org.openqa.selenium.remote.http.ClientConfig.&lt;init&gt;(java.net.URI, java.time.Duration, java.time.Duration, org.openqa.selenium.remote.http.Filter, java.net.Proxy, org.openqa.selenium.Credentials)&apos;"/>
  </testcase>
  <testcase name="testHealthRecordLocalization" classname="org.vantagefit.testCases.LocalizationTests" time="0">
    <skipped message="&apos;void org.openqa.selenium.remote.http.ClientConfig.&lt;init&gt;(java.net.URI, java.time.Duration, java.time.Duration, org.openqa.selenium.remote.http.Filter, java.net.Proxy, org.openqa.selenium.Credentials)&apos;"/>
  </testcase>
  <testcase name="testHealthRecordLocalization" classname="org.vantagefit.testCases.LocalizationTests" time="0">
    <skipped message="&apos;void org.openqa.selenium.remote.http.ClientConfig.&lt;init&gt;(java.net.URI, java.time.Duration, java.time.Duration, org.openqa.selenium.remote.http.Filter, java.net.Proxy, org.openqa.selenium.Credentials)&apos;"/>
  </testcase>
  <testcase name="testHealthRecordLocalization" classname="org.vantagefit.testCases.LocalizationTests" time="0">
    <skipped message="&apos;void org.openqa.selenium.remote.http.ClientConfig.&lt;init&gt;(java.net.URI, java.time.Duration, java.time.Duration, org.openqa.selenium.remote.http.Filter, java.net.Proxy, org.openqa.selenium.Credentials)&apos;"/>
  </testcase>
  <testcase name="testHealthRecordLocalization" classname="org.vantagefit.testCases.LocalizationTests" time="0">
    <skipped message="&apos;void org.openqa.selenium.remote.http.ClientConfig.&lt;init&gt;(java.net.URI, java.time.Duration, java.time.Duration, org.openqa.selenium.remote.http.Filter, java.net.Proxy, org.openqa.selenium.Credentials)&apos;"/>
  </testcase>
  <testcase name="testHealthRecordLocalization" classname="org.vantagefit.testCases.LocalizationTests" time="0">
    <skipped message="&apos;void org.openqa.selenium.remote.http.ClientConfig.&lt;init&gt;(java.net.URI, java.time.Duration, java.time.Duration, org.openqa.selenium.remote.http.Filter, java.net.Proxy, org.openqa.selenium.Credentials)&apos;"/>
  </testcase>
  <testcase name="testHealthRecordLocalization" classname="org.vantagefit.testCases.LocalizationTests" time="0">
    <skipped message="&apos;void org.openqa.selenium.remote.http.ClientConfig.&lt;init&gt;(java.net.URI, java.time.Duration, java.time.Duration, org.openqa.selenium.remote.http.Filter, java.net.Proxy, org.openqa.selenium.Credentials)&apos;"/>
  </testcase>
  <testcase name="testHealthRecordLocalization" classname="org.vantagefit.testCases.LocalizationTests" time="0">
    <skipped message="&apos;void org.openqa.selenium.remote.http.ClientConfig.&lt;init&gt;(java.net.URI, java.time.Duration, java.time.Duration, org.openqa.selenium.remote.http.Filter, java.net.Proxy, org.openqa.selenium.Credentials)&apos;"/>
  </testcase>
  <testcase name="testHomeScreenLocalization" classname="org.vantagefit.testCases.LocalizationTests" time="0">
    <skipped message="&apos;void org.openqa.selenium.remote.http.ClientConfig.&lt;init&gt;(java.net.URI, java.time.Duration, java.time.Duration, org.openqa.selenium.remote.http.Filter, java.net.Proxy, org.openqa.selenium.Credentials)&apos;"/>
  </testcase>
  <testcase name="testHomeScreenLocalization" classname="org.vantagefit.testCases.LocalizationTests" time="0">
    <skipped message="&apos;void org.openqa.selenium.remote.http.ClientConfig.&lt;init&gt;(java.net.URI, java.time.Duration, java.time.Duration, org.openqa.selenium.remote.http.Filter, java.net.Proxy, org.openqa.selenium.Credentials)&apos;"/>
  </testcase>
  <testcase name="testHomeScreenLocalization" classname="org.vantagefit.testCases.LocalizationTests" time="0">
    <skipped message="&apos;void org.openqa.selenium.remote.http.ClientConfig.&lt;init&gt;(java.net.URI, java.time.Duration, java.time.Duration, org.openqa.selenium.remote.http.Filter, java.net.Proxy, org.openqa.selenium.Credentials)&apos;"/>
  </testcase>
  <testcase name="testHomeScreenLocalization" classname="org.vantagefit.testCases.LocalizationTests" time="0">
    <skipped message="&apos;void org.openqa.selenium.remote.http.ClientConfig.&lt;init&gt;(java.net.URI, java.time.Duration, java.time.Duration, org.openqa.selenium.remote.http.Filter, java.net.Proxy, org.openqa.selenium.Credentials)&apos;"/>
  </testcase>
  <testcase name="testHomeScreenLocalization" classname="org.vantagefit.testCases.LocalizationTests" time="0">
    <skipped message="&apos;void org.openqa.selenium.remote.http.ClientConfig.&lt;init&gt;(java.net.URI, java.time.Duration, java.time.Duration, org.openqa.selenium.remote.http.Filter, java.net.Proxy, org.openqa.selenium.Credentials)&apos;"/>
  </testcase>
  <testcase name="testHomeScreenLocalization" classname="org.vantagefit.testCases.LocalizationTests" time="0">
    <skipped message="&apos;void org.openqa.selenium.remote.http.ClientConfig.&lt;init&gt;(java.net.URI, java.time.Duration, java.time.Duration, org.openqa.selenium.remote.http.Filter, java.net.Proxy, org.openqa.selenium.Credentials)&apos;"/>
  </testcase>
  <testcase name="testHomeScreenLocalization" classname="org.vantagefit.testCases.LocalizationTests" time="0">
    <skipped message="&apos;void org.openqa.selenium.remote.http.ClientConfig.&lt;init&gt;(java.net.URI, java.time.Duration, java.time.Duration, org.openqa.selenium.remote.http.Filter, java.net.Proxy, org.openqa.selenium.Credentials)&apos;"/>
  </testcase>
  <testcase name="testHomeScreenLocalization" classname="org.vantagefit.testCases.LocalizationTests" time="0">
    <skipped message="&apos;void org.openqa.selenium.remote.http.ClientConfig.&lt;init&gt;(java.net.URI, java.time.Duration, java.time.Duration, org.openqa.selenium.remote.http.Filter, java.net.Proxy, org.openqa.selenium.Credentials)&apos;"/>
  </testcase>
  <testcase name="testHomeScreenLocalization" classname="org.vantagefit.testCases.LocalizationTests" time="0">
    <skipped message="&apos;void org.openqa.selenium.remote.http.ClientConfig.&lt;init&gt;(java.net.URI, java.time.Duration, java.time.Duration, org.openqa.selenium.remote.http.Filter, java.net.Proxy, org.openqa.selenium.Credentials)&apos;"/>
  </testcase>
  <testcase name="testHomeScreenLocalization" classname="org.vantagefit.testCases.LocalizationTests" time="0">
    <skipped message="&apos;void org.openqa.selenium.remote.http.ClientConfig.&lt;init&gt;(java.net.URI, java.time.Duration, java.time.Duration, org.openqa.selenium.remote.http.Filter, java.net.Proxy, org.openqa.selenium.Credentials)&apos;"/>
  </testcase>
  <testcase name="testHomeScreenLocalization" classname="org.vantagefit.testCases.LocalizationTests" time="0">
    <skipped message="&apos;void org.openqa.selenium.remote.http.ClientConfig.&lt;init&gt;(java.net.URI, java.time.Duration, java.time.Duration, org.openqa.selenium.remote.http.Filter, java.net.Proxy, org.openqa.selenium.Credentials)&apos;"/>
  </testcase>
  <testcase name="testHomeScreenLocalization" classname="org.vantagefit.testCases.LocalizationTests" time="0">
    <skipped message="&apos;void org.openqa.selenium.remote.http.ClientConfig.&lt;init&gt;(java.net.URI, java.time.Duration, java.time.Duration, org.openqa.selenium.remote.http.Filter, java.net.Proxy, org.openqa.selenium.Credentials)&apos;"/>
  </testcase>
  <testcase name="testHomeScreenLocalization" classname="org.vantagefit.testCases.LocalizationTests" time="0">
    <skipped message="&apos;void org.openqa.selenium.remote.http.ClientConfig.&lt;init&gt;(java.net.URI, java.time.Duration, java.time.Duration, org.openqa.selenium.remote.http.Filter, java.net.Proxy, org.openqa.selenium.Credentials)&apos;"/>
  </testcase>
  <testcase name="testHomeScreenLocalization" classname="org.vantagefit.testCases.LocalizationTests" time="0">
    <skipped message="&apos;void org.openqa.selenium.remote.http.ClientConfig.&lt;init&gt;(java.net.URI, java.time.Duration, java.time.Duration, org.openqa.selenium.remote.http.Filter, java.net.Proxy, org.openqa.selenium.Credentials)&apos;"/>
  </testcase>
  <testcase name="testHomeScreenLocalization" classname="org.vantagefit.testCases.LocalizationTests" time="0">
    <skipped message="&apos;void org.openqa.selenium.remote.http.ClientConfig.&lt;init&gt;(java.net.URI, java.time.Duration, java.time.Duration, org.openqa.selenium.remote.http.Filter, java.net.Proxy, org.openqa.selenium.Credentials)&apos;"/>
  </testcase>
  <testcase name="testLoginScreenLocalization" classname="org.vantagefit.testCases.LocalizationTests" time="0">
    <skipped message="&apos;void org.openqa.selenium.remote.http.ClientConfig.&lt;init&gt;(java.net.URI, java.time.Duration, java.time.Duration, org.openqa.selenium.remote.http.Filter, java.net.Proxy, org.openqa.selenium.Credentials)&apos;"/>
  </testcase>
  <testcase name="testLoginScreenLocalization" classname="org.vantagefit.testCases.LocalizationTests" time="0">
    <skipped message="&apos;void org.openqa.selenium.remote.http.ClientConfig.&lt;init&gt;(java.net.URI, java.time.Duration, java.time.Duration, org.openqa.selenium.remote.http.Filter, java.net.Proxy, org.openqa.selenium.Credentials)&apos;"/>
  </testcase>
  <testcase name="testLoginScreenLocalization" classname="org.vantagefit.testCases.LocalizationTests" time="0">
    <skipped message="&apos;void org.openqa.selenium.remote.http.ClientConfig.&lt;init&gt;(java.net.URI, java.time.Duration, java.time.Duration, org.openqa.selenium.remote.http.Filter, java.net.Proxy, org.openqa.selenium.Credentials)&apos;"/>
  </testcase>
  <testcase name="testLoginScreenLocalization" classname="org.vantagefit.testCases.LocalizationTests" time="0">
    <skipped message="&apos;void org.openqa.selenium.remote.http.ClientConfig.&lt;init&gt;(java.net.URI, java.time.Duration, java.time.Duration, org.openqa.selenium.remote.http.Filter, java.net.Proxy, org.openqa.selenium.Credentials)&apos;"/>
  </testcase>
  <testcase name="testLoginScreenLocalization" classname="org.vantagefit.testCases.LocalizationTests" time="0">
    <skipped message="&apos;void org.openqa.selenium.remote.http.ClientConfig.&lt;init&gt;(java.net.URI, java.time.Duration, java.time.Duration, org.openqa.selenium.remote.http.Filter, java.net.Proxy, org.openqa.selenium.Credentials)&apos;"/>
  </testcase>
  <testcase name="testLoginScreenLocalization" classname="org.vantagefit.testCases.LocalizationTests" time="0">
    <skipped message="&apos;void org.openqa.selenium.remote.http.ClientConfig.&lt;init&gt;(java.net.URI, java.time.Duration, java.time.Duration, org.openqa.selenium.remote.http.Filter, java.net.Proxy, org.openqa.selenium.Credentials)&apos;"/>
  </testcase>
  <testcase name="testLoginScreenLocalization" classname="org.vantagefit.testCases.LocalizationTests" time="0">
    <skipped message="&apos;void org.openqa.selenium.remote.http.ClientConfig.&lt;init&gt;(java.net.URI, java.time.Duration, java.time.Duration, org.openqa.selenium.remote.http.Filter, java.net.Proxy, org.openqa.selenium.Credentials)&apos;"/>
  </testcase>
  <testcase name="testLoginScreenLocalization" classname="org.vantagefit.testCases.LocalizationTests" time="0">
    <skipped message="&apos;void org.openqa.selenium.remote.http.ClientConfig.&lt;init&gt;(java.net.URI, java.time.Duration, java.time.Duration, org.openqa.selenium.remote.http.Filter, java.net.Proxy, org.openqa.selenium.Credentials)&apos;"/>
  </testcase>
  <testcase name="testLoginScreenLocalization" classname="org.vantagefit.testCases.LocalizationTests" time="0">
    <skipped message="&apos;void org.openqa.selenium.remote.http.ClientConfig.&lt;init&gt;(java.net.URI, java.time.Duration, java.time.Duration, org.openqa.selenium.remote.http.Filter, java.net.Proxy, org.openqa.selenium.Credentials)&apos;"/>
  </testcase>
  <testcase name="testLoginScreenLocalization" classname="org.vantagefit.testCases.LocalizationTests" time="0">
    <skipped message="&apos;void org.openqa.selenium.remote.http.ClientConfig.&lt;init&gt;(java.net.URI, java.time.Duration, java.time.Duration, org.openqa.selenium.remote.http.Filter, java.net.Proxy, org.openqa.selenium.Credentials)&apos;"/>
  </testcase>
  <testcase name="testLoginScreenLocalization" classname="org.vantagefit.testCases.LocalizationTests" time="0">
    <skipped message="&apos;void org.openqa.selenium.remote.http.ClientConfig.&lt;init&gt;(java.net.URI, java.time.Duration, java.time.Duration, org.openqa.selenium.remote.http.Filter, java.net.Proxy, org.openqa.selenium.Credentials)&apos;"/>
  </testcase>
  <testcase name="testLoginScreenLocalization" classname="org.vantagefit.testCases.LocalizationTests" time="0">
    <skipped message="&apos;void org.openqa.selenium.remote.http.ClientConfig.&lt;init&gt;(java.net.URI, java.time.Duration, java.time.Duration, org.openqa.selenium.remote.http.Filter, java.net.Proxy, org.openqa.selenium.Credentials)&apos;"/>
  </testcase>
  <testcase name="testLoginScreenLocalization" classname="org.vantagefit.testCases.LocalizationTests" time="0">
    <skipped message="&apos;void org.openqa.selenium.remote.http.ClientConfig.&lt;init&gt;(java.net.URI, java.time.Duration, java.time.Duration, org.openqa.selenium.remote.http.Filter, java.net.Proxy, org.openqa.selenium.Credentials)&apos;"/>
  </testcase>
  <testcase name="testLoginScreenLocalization" classname="org.vantagefit.testCases.LocalizationTests" time="0">
    <skipped message="&apos;void org.openqa.selenium.remote.http.ClientConfig.&lt;init&gt;(java.net.URI, java.time.Duration, java.time.Duration, org.openqa.selenium.remote.http.Filter, java.net.Proxy, org.openqa.selenium.Credentials)&apos;"/>
  </testcase>
  <testcase name="testLoginScreenLocalization" classname="org.vantagefit.testCases.LocalizationTests" time="0">
    <skipped message="&apos;void org.openqa.selenium.remote.http.ClientConfig.&lt;init&gt;(java.net.URI, java.time.Duration, java.time.Duration, org.openqa.selenium.remote.http.Filter, java.net.Proxy, org.openqa.selenium.Credentials)&apos;"/>
  </testcase>
  <testcase name="testSSOLocalization" classname="org.vantagefit.testCases.LocalizationTests" time="0">
    <skipped message="&apos;void org.openqa.selenium.remote.http.ClientConfig.&lt;init&gt;(java.net.URI, java.time.Duration, java.time.Duration, org.openqa.selenium.remote.http.Filter, java.net.Proxy, org.openqa.selenium.Credentials)&apos;"/>
  </testcase>
  <testcase name="testSSOLocalization" classname="org.vantagefit.testCases.LocalizationTests" time="0">
    <skipped message="&apos;void org.openqa.selenium.remote.http.ClientConfig.&lt;init&gt;(java.net.URI, java.time.Duration, java.time.Duration, org.openqa.selenium.remote.http.Filter, java.net.Proxy, org.openqa.selenium.Credentials)&apos;"/>
  </testcase>
  <testcase name="testSSOLocalization" classname="org.vantagefit.testCases.LocalizationTests" time="0">
    <skipped message="&apos;void org.openqa.selenium.remote.http.ClientConfig.&lt;init&gt;(java.net.URI, java.time.Duration, java.time.Duration, org.openqa.selenium.remote.http.Filter, java.net.Proxy, org.openqa.selenium.Credentials)&apos;"/>
  </testcase>
  <testcase name="testSSOLocalization" classname="org.vantagefit.testCases.LocalizationTests" time="0">
    <skipped message="&apos;void org.openqa.selenium.remote.http.ClientConfig.&lt;init&gt;(java.net.URI, java.time.Duration, java.time.Duration, org.openqa.selenium.remote.http.Filter, java.net.Proxy, org.openqa.selenium.Credentials)&apos;"/>
  </testcase>
  <testcase name="testSSOLocalization" classname="org.vantagefit.testCases.LocalizationTests" time="0">
    <skipped message="&apos;void org.openqa.selenium.remote.http.ClientConfig.&lt;init&gt;(java.net.URI, java.time.Duration, java.time.Duration, org.openqa.selenium.remote.http.Filter, java.net.Proxy, org.openqa.selenium.Credentials)&apos;"/>
  </testcase>
  <testcase name="testSSOLocalization" classname="org.vantagefit.testCases.LocalizationTests" time="0">
    <skipped message="&apos;void org.openqa.selenium.remote.http.ClientConfig.&lt;init&gt;(java.net.URI, java.time.Duration, java.time.Duration, org.openqa.selenium.remote.http.Filter, java.net.Proxy, org.openqa.selenium.Credentials)&apos;"/>
  </testcase>
  <testcase name="testSSOLocalization" classname="org.vantagefit.testCases.LocalizationTests" time="0">
    <skipped message="&apos;void org.openqa.selenium.remote.http.ClientConfig.&lt;init&gt;(java.net.URI, java.time.Duration, java.time.Duration, org.openqa.selenium.remote.http.Filter, java.net.Proxy, org.openqa.selenium.Credentials)&apos;"/>
  </testcase>
  <testcase name="testSSOLocalization" classname="org.vantagefit.testCases.LocalizationTests" time="0">
    <skipped message="&apos;void org.openqa.selenium.remote.http.ClientConfig.&lt;init&gt;(java.net.URI, java.time.Duration, java.time.Duration, org.openqa.selenium.remote.http.Filter, java.net.Proxy, org.openqa.selenium.Credentials)&apos;"/>
  </testcase>
  <testcase name="testSSOLocalization" classname="org.vantagefit.testCases.LocalizationTests" time="0">
    <skipped message="&apos;void org.openqa.selenium.remote.http.ClientConfig.&lt;init&gt;(java.net.URI, java.time.Duration, java.time.Duration, org.openqa.selenium.remote.http.Filter, java.net.Proxy, org.openqa.selenium.Credentials)&apos;"/>
  </testcase>
  <testcase name="testSSOLocalization" classname="org.vantagefit.testCases.LocalizationTests" time="0">
    <skipped message="&apos;void org.openqa.selenium.remote.http.ClientConfig.&lt;init&gt;(java.net.URI, java.time.Duration, java.time.Duration, org.openqa.selenium.remote.http.Filter, java.net.Proxy, org.openqa.selenium.Credentials)&apos;"/>
  </testcase>
  <testcase name="testSSOLocalization" classname="org.vantagefit.testCases.LocalizationTests" time="0">
    <skipped message="&apos;void org.openqa.selenium.remote.http.ClientConfig.&lt;init&gt;(java.net.URI, java.time.Duration, java.time.Duration, org.openqa.selenium.remote.http.Filter, java.net.Proxy, org.openqa.selenium.Credentials)&apos;"/>
  </testcase>
  <testcase name="testSSOLocalization" classname="org.vantagefit.testCases.LocalizationTests" time="0">
    <skipped message="&apos;void org.openqa.selenium.remote.http.ClientConfig.&lt;init&gt;(java.net.URI, java.time.Duration, java.time.Duration, org.openqa.selenium.remote.http.Filter, java.net.Proxy, org.openqa.selenium.Credentials)&apos;"/>
  </testcase>
  <testcase name="testSSOLocalization" classname="org.vantagefit.testCases.LocalizationTests" time="0">
    <skipped message="&apos;void org.openqa.selenium.remote.http.ClientConfig.&lt;init&gt;(java.net.URI, java.time.Duration, java.time.Duration, org.openqa.selenium.remote.http.Filter, java.net.Proxy, org.openqa.selenium.Credentials)&apos;"/>
  </testcase>
  <testcase name="testSSOLocalization" classname="org.vantagefit.testCases.LocalizationTests" time="0">
    <skipped message="&apos;void org.openqa.selenium.remote.http.ClientConfig.&lt;init&gt;(java.net.URI, java.time.Duration, java.time.Duration, org.openqa.selenium.remote.http.Filter, java.net.Proxy, org.openqa.selenium.Credentials)&apos;"/>
  </testcase>
  <testcase name="testSSOLocalization" classname="org.vantagefit.testCases.LocalizationTests" time="0">
    <skipped message="&apos;void org.openqa.selenium.remote.http.ClientConfig.&lt;init&gt;(java.net.URI, java.time.Duration, java.time.Duration, org.openqa.selenium.remote.http.Filter, java.net.Proxy, org.openqa.selenium.Credentials)&apos;"/>
  </testcase>
</testsuite>