<?xml version="1.0" encoding="UTF-8"?>
<!-- Generated by org.testng.reporters.JUnitReportReporter -->
<testsuite hostname="Jonaks-MacBook-Air.local" failures="0" tests="121" name="org.vantagefit.testCases.LocalizationTests" time="95.910" errors="1" timestamp="2025-05-22T21:56:28 IST" skipped="120">
  <testcase classname="org.vantagefit.testCases.LocalizationTests" name="testFABMenuLocalization" time="0.607">
    <skipped/>
  </testcase> <!-- testFABMenuLocalization -->
  <system-out/>
  <testcase classname="org.vantagefit.testCases.LocalizationTests" name="testConnectGoogleFitLocalization" time="0.840">
    <skipped/>
  </testcase> <!-- testConnectGoogleFitLocalization -->
  <system-out/>
  <testcase classname="org.vantagefit.testCases.LocalizationTests" name="testLoginScreenLocalization" time="0.670">
    <skipped/>
  </testcase> <!-- testLoginScreenLocalization -->
  <system-out/>
  <testcase classname="org.vantagefit.testCases.LocalizationTests" name="testHomeScreenLocalization" time="0.561">
    <skipped/>
  </testcase> <!-- testHomeScreenLocalization -->
  <system-out/>
  <testcase classname="org.vantagefit.testCases.LocalizationTests" name="testAgreementLocalization" time="0.931">
    <skipped/>
  </testcase> <!-- testAgreementLocalization -->
  <system-out/>
  <testcase classname="org.vantagefit.testCases.LocalizationTests" name="testFABMenuLocalization" time="1.018">
    <skipped/>
  </testcase> <!-- testFABMenuLocalization -->
  <system-out/>
  <testcase classname="org.vantagefit.testCases.LocalizationTests" name="testAddHealthDataLocalization" time="0.637">
    <skipped/>
  </testcase> <!-- testAddHealthDataLocalization -->
  <system-out/>
  <testcase classname="org.vantagefit.testCases.LocalizationTests" name="testHealthRecordLocalization" time="0.885">
    <skipped/>
  </testcase> <!-- testHealthRecordLocalization -->
  <system-out/>
  <testcase classname="org.vantagefit.testCases.LocalizationTests" name="testAddHealthDataLocalization" time="0.899">
    <skipped/>
  </testcase> <!-- testAddHealthDataLocalization -->
  <system-out/>
  <testcase classname="org.vantagefit.testCases.LocalizationTests" name="testHealthRecordLocalization" time="1.030">
    <skipped/>
  </testcase> <!-- testHealthRecordLocalization -->
  <system-out/>
  <testcase classname="org.vantagefit.testCases.LocalizationTests" name="testLoginScreenLocalization" time="0.561">
    <skipped/>
  </testcase> <!-- testLoginScreenLocalization -->
  <system-out/>
  <testcase classname="org.vantagefit.testCases.LocalizationTests" name="testFABMenuLocalization" time="0.619">
    <skipped/>
  </testcase> <!-- testFABMenuLocalization -->
  <system-out/>
  <testcase classname="org.vantagefit.testCases.LocalizationTests" name="testAddHealthDataLocalization" time="1.201">
    <skipped/>
  </testcase> <!-- testAddHealthDataLocalization -->
  <system-out/>
  <testcase classname="org.vantagefit.testCases.LocalizationTests" name="testHomeScreenLocalization" time="0.661">
    <skipped/>
  </testcase> <!-- testHomeScreenLocalization -->
  <system-out/>
  <testcase classname="org.vantagefit.testCases.LocalizationTests" name="testHomeScreenLocalization" time="0.561">
    <skipped/>
  </testcase> <!-- testHomeScreenLocalization -->
  <system-out/>
  <testcase classname="org.vantagefit.testCases.LocalizationTests" name="testHomeScreenLocalization" time="0.907">
    <skipped/>
  </testcase> <!-- testHomeScreenLocalization -->
  <system-out/>
  <testcase classname="org.vantagefit.testCases.LocalizationTests" name="testAddHealthDataLocalization" time="0.903">
    <skipped/>
  </testcase> <!-- testAddHealthDataLocalization -->
  <system-out/>
  <testcase classname="org.vantagefit.testCases.LocalizationTests" name="testLoginScreenLocalization" time="0.676">
    <skipped/>
  </testcase> <!-- testLoginScreenLocalization -->
  <system-out/>
  <testcase classname="org.vantagefit.testCases.LocalizationTests" name="testAgreementLocalization" time="0.586">
    <skipped/>
  </testcase> <!-- testAgreementLocalization -->
  <system-out/>
  <testcase classname="org.vantagefit.testCases.LocalizationTests" name="testAddHealthDataLocalization" time="2.104">
    <skipped/>
  </testcase> <!-- testAddHealthDataLocalization -->
  <system-out/>
  <testcase classname="org.vantagefit.testCases.LocalizationTests" name="testAgreementLocalization" time="1.421">
    <skipped/>
  </testcase> <!-- testAgreementLocalization -->
  <system-out/>
  <testcase classname="org.vantagefit.testCases.LocalizationTests" name="testFABMenuLocalization" time="0.619">
    <skipped/>
  </testcase> <!-- testFABMenuLocalization -->
  <system-out/>
  <testcase classname="org.vantagefit.testCases.LocalizationTests" name="testHealthRecordLocalization" time="0.570">
    <skipped/>
  </testcase> <!-- testHealthRecordLocalization -->
  <system-out/>
  <testcase classname="org.vantagefit.testCases.LocalizationTests" name="testFABMenuLocalization" time="0.639">
    <skipped/>
  </testcase> <!-- testFABMenuLocalization -->
  <system-out/>
  <testcase classname="org.vantagefit.testCases.LocalizationTests" name="testFABMenuLocalization" time="0.768">
    <skipped/>
  </testcase> <!-- testFABMenuLocalization -->
  <system-out/>
  <testcase classname="org.vantagefit.testCases.LocalizationTests" name="testHomeScreenLocalization" time="1.274">
    <skipped/>
  </testcase> <!-- testHomeScreenLocalization -->
  <system-out/>
  <testcase classname="org.vantagefit.testCases.LocalizationTests" name="testHomeScreenLocalization" time="0.788">
    <skipped/>
  </testcase> <!-- testHomeScreenLocalization -->
  <system-out/>
  <testcase classname="org.vantagefit.testCases.LocalizationTests" name="testLoginScreenLocalization" time="1.188">
    <skipped/>
  </testcase> <!-- testLoginScreenLocalization -->
  <system-out/>
  <testcase classname="org.vantagefit.testCases.LocalizationTests" name="testAgreementLocalization" time="0.673">
    <skipped/>
  </testcase> <!-- testAgreementLocalization -->
  <system-out/>
  <testcase classname="org.vantagefit.testCases.LocalizationTests" name="testAddHealthDataLocalization" time="0.584">
    <skipped/>
  </testcase> <!-- testAddHealthDataLocalization -->
  <system-out/>
  <testcase classname="org.vantagefit.testCases.LocalizationTests" name="testHomeScreenLocalization" time="0.673">
    <skipped/>
  </testcase> <!-- testHomeScreenLocalization -->
  <system-out/>
  <testcase classname="org.vantagefit.testCases.LocalizationTests" name="testAgreementLocalization" time="0.657">
    <skipped/>
  </testcase> <!-- testAgreementLocalization -->
  <system-out/>
  <testcase classname="org.vantagefit.testCases.LocalizationTests" name="testHealthRecordLocalization" time="0.981">
    <skipped/>
  </testcase> <!-- testHealthRecordLocalization -->
  <system-out/>
  <testcase classname="org.vantagefit.testCases.LocalizationTests" name="testLoginScreenLocalization" time="0.573">
    <skipped/>
  </testcase> <!-- testLoginScreenLocalization -->
  <system-out/>
  <testcase classname="org.vantagefit.testCases.LocalizationTests" name="testAgreementLocalization" time="0.650">
    <skipped/>
  </testcase> <!-- testAgreementLocalization -->
  <system-out/>
  <testcase classname="org.vantagefit.testCases.LocalizationTests" name="testSSOLocalization" time="0.646">
    <skipped/>
  </testcase> <!-- testSSOLocalization -->
  <system-out/>
  <testcase classname="org.vantagefit.testCases.LocalizationTests" name="testConnectGoogleFitLocalization" time="0.842">
    <skipped/>
  </testcase> <!-- testConnectGoogleFitLocalization -->
  <system-out/>
  <testcase classname="org.vantagefit.testCases.LocalizationTests" name="testAgreementLocalization" time="0.569">
    <skipped/>
  </testcase> <!-- testAgreementLocalization -->
  <system-out/>
  <testcase classname="org.vantagefit.testCases.LocalizationTests" name="testHomeScreenLocalization" time="0.609">
    <skipped/>
  </testcase> <!-- testHomeScreenLocalization -->
  <system-out/>
  <testcase classname="org.vantagefit.testCases.LocalizationTests" name="testSSOLocalization" time="0.905">
    <skipped/>
  </testcase> <!-- testSSOLocalization -->
  <system-out/>
  <testcase classname="org.vantagefit.testCases.LocalizationTests" name="testConnectGoogleFitLocalization" time="0.675">
    <skipped/>
  </testcase> <!-- testConnectGoogleFitLocalization -->
  <system-out/>
  <testcase classname="org.vantagefit.testCases.LocalizationTests" name="testSSOLocalization" time="0.586">
    <skipped/>
  </testcase> <!-- testSSOLocalization -->
  <system-out/>
  <testcase classname="org.vantagefit.testCases.LocalizationTests" name="testFABMenuLocalization" time="0.653">
    <skipped/>
  </testcase> <!-- testFABMenuLocalization -->
  <system-out/>
  <testcase classname="org.vantagefit.testCases.LocalizationTests" name="testFABMenuLocalization" time="1.131">
    <skipped/>
  </testcase> <!-- testFABMenuLocalization -->
  <system-out/>
  <testcase classname="org.vantagefit.testCases.LocalizationTests" name="testAddHealthDataLocalization" time="0.572">
    <skipped/>
  </testcase> <!-- testAddHealthDataLocalization -->
  <system-out/>
  <testcase classname="org.vantagefit.testCases.LocalizationTests" name="testHomeScreenLocalization" time="0.583">
    <skipped/>
  </testcase> <!-- testHomeScreenLocalization -->
  <system-out/>
  <testcase classname="org.vantagefit.testCases.LocalizationTests" name="testAgreementLocalization" time="0.601">
    <skipped/>
  </testcase> <!-- testAgreementLocalization -->
  <system-out/>
  <testcase classname="org.vantagefit.testCases.LocalizationTests" name="testSSOLocalization" time="0.788">
    <skipped/>
  </testcase> <!-- testSSOLocalization -->
  <system-out/>
  <testcase classname="org.vantagefit.testCases.LocalizationTests" name="testAddHealthDataLocalization" time="0.609">
    <skipped/>
  </testcase> <!-- testAddHealthDataLocalization -->
  <system-out/>
  <testcase classname="org.vantagefit.testCases.LocalizationTests" name="testHealthRecordLocalization" time="0.587">
    <skipped/>
  </testcase> <!-- testHealthRecordLocalization -->
  <system-out/>
  <testcase classname="org.vantagefit.testCases.LocalizationTests" name="testAgreementLocalization" time="0.731">
    <skipped/>
  </testcase> <!-- testAgreementLocalization -->
  <system-out/>
  <testcase classname="org.vantagefit.testCases.LocalizationTests" name="testHomeScreenLocalization" time="0.834">
    <skipped/>
  </testcase> <!-- testHomeScreenLocalization -->
  <system-out/>
  <testcase classname="org.vantagefit.testCases.LocalizationTests" name="testSSOLocalization" time="0.566">
    <skipped/>
  </testcase> <!-- testSSOLocalization -->
  <system-out/>
  <testcase classname="org.vantagefit.testCases.LocalizationTests" name="testHealthRecordLocalization" time="0.787">
    <skipped/>
  </testcase> <!-- testHealthRecordLocalization -->
  <system-out/>
  <testcase classname="org.vantagefit.testCases.LocalizationTests" name="testLoginScreenLocalization" time="1.108">
    <skipped/>
  </testcase> <!-- testLoginScreenLocalization -->
  <system-out/>
  <testcase classname="org.vantagefit.testCases.LocalizationTests" name="testAddHealthDataLocalization" time="0.885">
    <skipped/>
  </testcase> <!-- testAddHealthDataLocalization -->
  <system-out/>
  <testcase classname="org.vantagefit.testCases.LocalizationTests" name="testAgreementLocalization" time="0.562">
    <skipped/>
  </testcase> <!-- testAgreementLocalization -->
  <system-out/>
  <testcase classname="org.vantagefit.testCases.LocalizationTests" name="testFABMenuLocalization" time="0.645">
    <skipped/>
  </testcase> <!-- testFABMenuLocalization -->
  <system-out/>
  <testcase classname="org.vantagefit.testCases.LocalizationTests" name="testFABMenuLocalization" time="0.799">
    <skipped/>
  </testcase> <!-- testFABMenuLocalization -->
  <system-out/>
  <testcase classname="org.vantagefit.testCases.LocalizationTests" name="testAgreementLocalization" time="0.667">
    <skipped/>
  </testcase> <!-- testAgreementLocalization -->
  <system-out/>
  <testcase classname="org.vantagefit.testCases.LocalizationTests" name="testHomeScreenLocalization" time="0.790">
    <skipped/>
  </testcase> <!-- testHomeScreenLocalization -->
  <system-out/>
  <testcase classname="org.vantagefit.testCases.LocalizationTests" name="testHealthRecordLocalization" time="1.332">
    <skipped/>
  </testcase> <!-- testHealthRecordLocalization -->
  <system-out/>
  <testcase classname="org.vantagefit.testCases.LocalizationTests" name="testLoginScreenLocalization" time="1.039">
    <skipped/>
  </testcase> <!-- testLoginScreenLocalization -->
  <system-out/>
  <testcase classname="org.vantagefit.testCases.LocalizationTests" name="testFABMenuLocalization" time="1.029">
    <skipped/>
  </testcase> <!-- testFABMenuLocalization -->
  <system-out/>
  <testcase classname="org.vantagefit.testCases.LocalizationTests" name="testSSOLocalization" time="0.586">
    <skipped/>
  </testcase> <!-- testSSOLocalization -->
  <system-out/>
  <testcase classname="org.vantagefit.testCases.LocalizationTests" name="testHealthRecordLocalization" time="0.586">
    <skipped/>
  </testcase> <!-- testHealthRecordLocalization -->
  <system-out/>
  <testcase classname="org.vantagefit.testCases.LocalizationTests" name="testLoginScreenLocalization" time="0.681">
    <skipped/>
  </testcase> <!-- testLoginScreenLocalization -->
  <system-out/>
  <testcase classname="org.vantagefit.testCases.LocalizationTests" name="testFABMenuLocalization" time="0.645">
    <skipped/>
  </testcase> <!-- testFABMenuLocalization -->
  <system-out/>
  <testcase classname="org.vantagefit.testCases.LocalizationTests" name="testAgreementLocalization" time="0.706">
    <skipped/>
  </testcase> <!-- testAgreementLocalization -->
  <system-out/>
  <testcase classname="org.vantagefit.testCases.LocalizationTests" name="testHealthRecordLocalization" time="0.768">
    <skipped/>
  </testcase> <!-- testHealthRecordLocalization -->
  <system-out/>
  <testcase classname="org.vantagefit.testCases.LocalizationTests" name="testLoginScreenLocalization" time="0.575">
    <skipped/>
  </testcase> <!-- testLoginScreenLocalization -->
  <system-out/>
  <testcase classname="org.vantagefit.testCases.LocalizationTests" name="testSSOLocalization" time="1.238">
    <skipped/>
  </testcase> <!-- testSSOLocalization -->
  <system-out/>
  <testcase classname="org.vantagefit.testCases.LocalizationTests" name="testConnectGoogleFitLocalization" time="0.624">
    <skipped/>
  </testcase> <!-- testConnectGoogleFitLocalization -->
  <system-out/>
  <testcase classname="org.vantagefit.testCases.LocalizationTests" name="testHealthRecordLocalization" time="0.790">
    <skipped/>
  </testcase> <!-- testHealthRecordLocalization -->
  <system-out/>
  <testcase classname="org.vantagefit.testCases.LocalizationTests" name="testHomeScreenLocalization" time="0.561">
    <skipped/>
  </testcase> <!-- testHomeScreenLocalization -->
  <system-out/>
  <testcase classname="org.vantagefit.testCases.LocalizationTests" name="testConnectGoogleFitLocalization" time="0.796">
    <skipped/>
  </testcase> <!-- testConnectGoogleFitLocalization -->
  <system-out/>
  <testcase classname="org.vantagefit.testCases.LocalizationTests" name="testLoginScreenLocalization" time="0.633">
    <skipped/>
  </testcase> <!-- testLoginScreenLocalization -->
  <system-out/>
  <testcase classname="org.vantagefit.testCases.LocalizationTests" name="testSSOLocalization" time="1.124">
    <skipped/>
  </testcase> <!-- testSSOLocalization -->
  <system-out/>
  <testcase classname="org.vantagefit.testCases.LocalizationTests" name="testAddHealthDataLocalization" time="0.598">
    <skipped/>
  </testcase> <!-- testAddHealthDataLocalization -->
  <system-out/>
  <testcase classname="org.vantagefit.testCases.LocalizationTests" name="testHealthRecordLocalization" time="0.572">
    <skipped/>
  </testcase> <!-- testHealthRecordLocalization -->
  <system-out/>
  <testcase classname="org.vantagefit.testCases.LocalizationTests" name="testAddHealthDataLocalization" time="0.613">
    <skipped/>
  </testcase> <!-- testAddHealthDataLocalization -->
  <system-out/>
  <testcase classname="org.vantagefit.testCases.LocalizationTests" name="ConfigureAppium" time="0.896">
    <error message="&#039;void org.openqa.selenium.remote.http.ClientConfig.&lt;init&gt;(java.net.URI, java.time.Duration, java.time.Duration, org.openqa.selenium.remote.http.Filter, java.net.Proxy, org.openqa.selenium.Credentials)&#039;" type="java.lang.NoSuchMethodError">
      <![CDATA[java.lang.NoSuchMethodError: 'void org.openqa.selenium.remote.http.ClientConfig.<init>(java.net.URI, java.time.Duration, java.time.Duration, org.openqa.selenium.remote.http.Filter, java.net.Proxy, org.openqa.selenium.Credentials)'
at io.appium.java_client.AppiumClientConfig.<init>(AppiumClientConfig.java:62)
at io.appium.java_client.AppiumClientConfig.defaultConfig(AppiumClientConfig.java:79)
at io.appium.java_client.remote.AppiumCommandExecutor.<init>(AppiumCommandExecutor.java:109)
at io.appium.java_client.AppiumDriver.<init>(AppiumDriver.java:101)
at io.appium.java_client.android.AndroidDriver.<init>(AndroidDriver.java:113)
at org.vantagefit.testUtils.AndroidBaseTest.ConfigureAppium(AndroidBaseTest.java:38)
at java.base/jdk.internal.reflect.NativeMethodAccessorImpl.invoke0(Native Method)
at java.base/jdk.internal.reflect.NativeMethodAccessorImpl.invoke(NativeMethodAccessorImpl.java:78)
at java.base/jdk.internal.reflect.DelegatingMethodAccessorImpl.invoke(DelegatingMethodAccessorImpl.java:43)
at java.base/java.lang.reflect.Method.invoke(Method.java:567)
at org.testng.internal.invokers.MethodInvocationHelper.invokeMethod(MethodInvocationHelper.java:139)
at org.testng.internal.invokers.MethodInvocationHelper.invokeMethodConsideringTimeout(MethodInvocationHelper.java:69)
at org.testng.internal.invokers.ConfigInvoker.invokeConfigurationMethod(ConfigInvoker.java:361)
at org.testng.internal.invokers.ConfigInvoker.invokeConfigurations(ConfigInvoker.java:296)
at org.testng.internal.invokers.TestMethodWorker.invokeBeforeClassMethods(TestMethodWorker.java:180)
at org.testng.internal.invokers.TestMethodWorker.run(TestMethodWorker.java:122)
at java.base/java.util.ArrayList.forEach(ArrayList.java:1511)
at org.testng.TestRunner.privateRun(TestRunner.java:829)
at org.testng.TestRunner.run(TestRunner.java:602)
at org.testng.SuiteRunner.runTest(SuiteRunner.java:437)
at org.testng.SuiteRunner.runSequentially(SuiteRunner.java:431)
at org.testng.SuiteRunner.privateRun(SuiteRunner.java:391)
at org.testng.SuiteRunner.run(SuiteRunner.java:330)
at org.testng.SuiteRunnerWorker.runSuite(SuiteRunnerWorker.java:52)
at org.testng.SuiteRunnerWorker.run(SuiteRunnerWorker.java:95)
at org.testng.TestNG.runSuitesSequentially(TestNG.java:1256)
at org.testng.TestNG.runSuitesLocally(TestNG.java:1176)
at org.testng.TestNG.runSuites(TestNG.java:1099)
at org.testng.TestNG.run(TestNG.java:1067)
at org.apache.maven.surefire.testng.TestNGExecutor.run(TestNGExecutor.java:135)
at org.apache.maven.surefire.testng.TestNGDirectoryTestSuite.executeSingleClass(TestNGDirectoryTestSuite.java:112)
at org.apache.maven.surefire.testng.TestNGDirectoryTestSuite.execute(TestNGDirectoryTestSuite.java:99)
at org.apache.maven.surefire.testng.TestNGProvider.invoke(TestNGProvider.java:146)
at org.apache.maven.surefire.booter.ForkedBooter.invokeProviderInSameClassLoader(ForkedBooter.java:384)
at org.apache.maven.surefire.booter.ForkedBooter.runSuitesInProcess(ForkedBooter.java:345)
at org.apache.maven.surefire.booter.ForkedBooter.execute(ForkedBooter.java:126)
at org.apache.maven.surefire.booter.ForkedBooter.main(ForkedBooter.java:418)
]]>
    </error>
  </testcase> <!-- ConfigureAppium -->
  <system-out/>
  <testcase classname="org.vantagefit.testCases.LocalizationTests" name="testLoginScreenLocalization" time="1.182">
    <skipped/>
  </testcase> <!-- testLoginScreenLocalization -->
  <system-out/>
  <testcase classname="org.vantagefit.testCases.LocalizationTests" name="testConnectGoogleFitLocalization" time="0.558">
    <skipped/>
  </testcase> <!-- testConnectGoogleFitLocalization -->
  <system-out/>
  <testcase classname="org.vantagefit.testCases.LocalizationTests" name="testConnectGoogleFitLocalization" time="0.567">
    <skipped/>
  </testcase> <!-- testConnectGoogleFitLocalization -->
  <system-out/>
  <testcase classname="org.vantagefit.testCases.LocalizationTests" name="testSSOLocalization" time="0.655">
    <skipped/>
  </testcase> <!-- testSSOLocalization -->
  <system-out/>
  <testcase classname="org.vantagefit.testCases.LocalizationTests" name="testAddHealthDataLocalization" time="0.590">
    <skipped/>
  </testcase> <!-- testAddHealthDataLocalization -->
  <system-out/>
  <testcase classname="org.vantagefit.testCases.LocalizationTests" name="testFABMenuLocalization" time="0.801">
    <skipped/>
  </testcase> <!-- testFABMenuLocalization -->
  <system-out/>
  <testcase classname="org.vantagefit.testCases.LocalizationTests" name="testFABMenuLocalization" time="0.779">
    <skipped/>
  </testcase> <!-- testFABMenuLocalization -->
  <system-out/>
  <testcase classname="org.vantagefit.testCases.LocalizationTests" name="testAgreementLocalization" time="0.562">
    <skipped/>
  </testcase> <!-- testAgreementLocalization -->
  <system-out/>
  <testcase classname="org.vantagefit.testCases.LocalizationTests" name="testSSOLocalization" time="0.663">
    <skipped/>
  </testcase> <!-- testSSOLocalization -->
  <system-out/>
  <testcase classname="org.vantagefit.testCases.LocalizationTests" name="testAddHealthDataLocalization" time="0.914">
    <skipped/>
  </testcase> <!-- testAddHealthDataLocalization -->
  <system-out/>
  <testcase classname="org.vantagefit.testCases.LocalizationTests" name="testConnectGoogleFitLocalization" time="0.846">
    <skipped/>
  </testcase> <!-- testConnectGoogleFitLocalization -->
  <system-out/>
  <testcase classname="org.vantagefit.testCases.LocalizationTests" name="testSSOLocalization" time="0.783">
    <skipped/>
  </testcase> <!-- testSSOLocalization -->
  <system-out/>
  <testcase classname="org.vantagefit.testCases.LocalizationTests" name="testAgreementLocalization" time="0.599">
    <skipped/>
  </testcase> <!-- testAgreementLocalization -->
  <system-out/>
  <testcase classname="org.vantagefit.testCases.LocalizationTests" name="testHealthRecordLocalization" time="0.630">
    <skipped/>
  </testcase> <!-- testHealthRecordLocalization -->
  <system-out/>
  <testcase classname="org.vantagefit.testCases.LocalizationTests" name="testHomeScreenLocalization" time="0.906">
    <skipped/>
  </testcase> <!-- testHomeScreenLocalization -->
  <system-out/>
  <testcase classname="org.vantagefit.testCases.LocalizationTests" name="testHealthRecordLocalization" time="0.611">
    <skipped/>
  </testcase> <!-- testHealthRecordLocalization -->
  <system-out/>
  <testcase classname="org.vantagefit.testCases.LocalizationTests" name="testHealthRecordLocalization" time="0.986">
    <skipped/>
  </testcase> <!-- testHealthRecordLocalization -->
  <system-out/>
  <testcase classname="org.vantagefit.testCases.LocalizationTests" name="testConnectGoogleFitLocalization" time="0.821">
    <skipped/>
  </testcase> <!-- testConnectGoogleFitLocalization -->
  <system-out/>
  <testcase classname="org.vantagefit.testCases.LocalizationTests" name="testAgreementLocalization" time="0.693">
    <skipped/>
  </testcase> <!-- testAgreementLocalization -->
  <system-out/>
  <testcase classname="org.vantagefit.testCases.LocalizationTests" name="testConnectGoogleFitLocalization" time="1.192">
    <skipped/>
  </testcase> <!-- testConnectGoogleFitLocalization -->
  <system-out/>
  <testcase classname="org.vantagefit.testCases.LocalizationTests" name="testSSOLocalization" time="0.634">
    <skipped/>
  </testcase> <!-- testSSOLocalization -->
  <system-out/>
  <testcase classname="org.vantagefit.testCases.LocalizationTests" name="testConnectGoogleFitLocalization" time="0.567">
    <skipped/>
  </testcase> <!-- testConnectGoogleFitLocalization -->
  <system-out/>
  <testcase classname="org.vantagefit.testCases.LocalizationTests" name="testLoginScreenLocalization" time="1.419">
    <skipped/>
  </testcase> <!-- testLoginScreenLocalization -->
  <system-out/>
  <testcase classname="org.vantagefit.testCases.LocalizationTests" name="testSSOLocalization" time="0.609">
    <skipped/>
  </testcase> <!-- testSSOLocalization -->
  <system-out/>
  <testcase classname="org.vantagefit.testCases.LocalizationTests" name="testLoginScreenLocalization" time="0.592">
    <skipped/>
  </testcase> <!-- testLoginScreenLocalization -->
  <system-out/>
  <testcase classname="org.vantagefit.testCases.LocalizationTests" name="testHomeScreenLocalization" time="0.906">
    <skipped/>
  </testcase> <!-- testHomeScreenLocalization -->
  <system-out/>
  <testcase classname="org.vantagefit.testCases.LocalizationTests" name="testLoginScreenLocalization" time="0.939">
    <skipped/>
  </testcase> <!-- testLoginScreenLocalization -->
  <system-out/>
  <testcase classname="org.vantagefit.testCases.LocalizationTests" name="testSSOLocalization" time="0.841">
    <skipped/>
  </testcase> <!-- testSSOLocalization -->
  <system-out/>
  <testcase classname="org.vantagefit.testCases.LocalizationTests" name="testHealthRecordLocalization" time="1.831">
    <skipped/>
  </testcase> <!-- testHealthRecordLocalization -->
  <system-out/>
  <testcase classname="org.vantagefit.testCases.LocalizationTests" name="testConnectGoogleFitLocalization" time="0.896">
    <skipped/>
  </testcase> <!-- testConnectGoogleFitLocalization -->
  <system-out/>
  <testcase classname="org.vantagefit.testCases.LocalizationTests" name="testAddHealthDataLocalization" time="0.626">
    <skipped/>
  </testcase> <!-- testAddHealthDataLocalization -->
  <system-out/>
  <testcase classname="org.vantagefit.testCases.LocalizationTests" name="testAddHealthDataLocalization" time="0.949">
    <skipped/>
  </testcase> <!-- testAddHealthDataLocalization -->
  <system-out/>
  <testcase classname="org.vantagefit.testCases.LocalizationTests" name="testLoginScreenLocalization" time="1.083">
    <skipped/>
  </testcase> <!-- testLoginScreenLocalization -->
  <system-out/>
  <testcase classname="org.vantagefit.testCases.LocalizationTests" name="testFABMenuLocalization" time="0.858">
    <skipped/>
  </testcase> <!-- testFABMenuLocalization -->
  <system-out/>
  <testcase classname="org.vantagefit.testCases.LocalizationTests" name="testHomeScreenLocalization" time="1.182">
    <skipped/>
  </testcase> <!-- testHomeScreenLocalization -->
  <system-out/>
  <testcase classname="org.vantagefit.testCases.LocalizationTests" name="testSSOLocalization" time="0.601">
    <skipped/>
  </testcase> <!-- testSSOLocalization -->
  <system-out/>
  <testcase classname="org.vantagefit.testCases.LocalizationTests" name="testConnectGoogleFitLocalization" time="1.400">
    <skipped/>
  </testcase> <!-- testConnectGoogleFitLocalization -->
  <system-out/>
  <testcase classname="org.vantagefit.testCases.LocalizationTests" name="testConnectGoogleFitLocalization" time="0.601">
    <skipped/>
  </testcase> <!-- testConnectGoogleFitLocalization -->
  <system-out/>
  <testcase classname="org.vantagefit.testCases.LocalizationTests" name="testConnectGoogleFitLocalization" time="0.001">
    <skipped/>
  </testcase> <!-- testConnectGoogleFitLocalization -->
  <system-out/>
</testsuite> <!-- org.vantagefit.testCases.LocalizationTests -->
